<?xml version="1.0" encoding="utf-8"?><testsuites name="pytest tests"><testsuite name="pytest" errors="2" failures="21" skipped="3" tests="325" time="1.964" timestamp="2025-11-24T08:47:05.936298+01:00" hostname="Franks-iMac.home"><testcase classname="tests.integrations.hubspot.test_hubspot_create_contact.TestHubSpotCreateContact" name="test_single_contact_creation" time="0.008" /><testcase classname="tests.integrations.hubspot.test_hubspot_create_contact.TestHubSpotCreateContact" name="test_contact_with_custom_properties" time="0.004" /><testcase classname="tests.integrations.hubspot.test_hubspot_create_contact.TestHubSpotCreateContact" name="test_contact_with_list_assignments" time="0.001" /><testcase classname="tests.integrations.hubspot.test_hubspot_create_contact.TestHubSpotCreateContact" name="test_batch_contact_creation" time="0.003" /><testcase classname="tests.integrations.hubspot.test_hubspot_create_contact.TestHubSpotCreateContact" name="test_lifecycle_stage_validation" time="0.003" /><testcase classname="tests.integrations.hubspot.test_hubspot_create_contact.TestHubSpotCreateContact" name="test_email_validation" time="0.002" /><testcase classname="tests.integrations.hubspot.test_hubspot_create_contact.TestHubSpotCreateContact" name="test_batch_size_limit" time="0.001" /><testcase classname="tests.integrations.hubspot.test_hubspot_create_contact.TestHubSpotCreateContact" name="test_batch_contact_email_validation" time="0.001" /><testcase classname="tests.integrations.hubspot.test_hubspot_create_contact.TestHubSpotCreateContact" name="test_update_if_exists_flag" time="0.001" /><testcase classname="tests.integrations.hubspot.test_hubspot_create_contact.TestHubSpotCreateContact" name="test_properties_building" time="0.001" /><testcase classname="tests.integrations.hubspot.test_hubspot_create_contact.TestHubSpotCreateContact" name="test_mock_mode_enabled" time="0.001" /><testcase classname="tests.integrations.hubspot.test_hubspot_create_contact.TestHubSpotCreateContact" name="test_tool_metadata" time="0.000" /><testcase classname="tests.integrations.hubspot.test_hubspot_create_contact.TestHubSpotCreateContact" name="test_api_call_with_real_mode" time="0.000"><failure message="AttributeError: &lt;module 'tools.integrations.hubspot.hubspot_create_contact' from '/Users/frank/Documents/Code/Genspark/agentswarm-tools/tools/integrations/hubspot/hubspot_create_contact.py'&gt; does not have the attribute 'requests'">/opt/homebrew/Cellar/python@3.12/3.12.12/Frameworks/Python.framework/Versions/3.12/lib/python3.12/unittest/mock.py:1393: in patched
    with self.decoration_helper(patched,
        args       = (&lt;hubspot.test_hubspot_create_contact.TestHubSpotCreateContact object at 0x10b668f50&gt;,)
        func       = &lt;function TestHubSpotCreateContact.test_api_call_with_real_mode at 0x10b6254e0&gt;
        keywargs   = {}
        patched    = &lt;function TestHubSpotCreateContact.test_api_call_with_real_mode at 0x10b625580&gt;
        self       = &lt;unittest.mock._patch object at 0x10b174da0&gt;
/opt/homebrew/Cellar/python@3.12/3.12.12/Frameworks/Python.framework/Versions/3.12/lib/python3.12/contextlib.py:137: in __enter__
    return next(self.gen)
           ^^^^^^^^^^^^^^
        self       = &lt;contextlib._GeneratorContextManager object at 0x10b845160&gt;
/opt/homebrew/Cellar/python@3.12/3.12.12/Frameworks/Python.framework/Versions/3.12/lib/python3.12/unittest/mock.py:1375: in decoration_helper
    arg = exit_stack.enter_context(patching)
          ^^^^^^^^^^^^^^^^^^^^^^^^^^^^^^^^^^
        args       = (&lt;hubspot.test_hubspot_create_contact.TestHubSpotCreateContact object at 0x10b668f50&gt;,)
        exit_stack = &lt;contextlib.ExitStack object at 0x10b8468d0&gt;
        extra_args = []
        keywargs   = {}
        patched    = &lt;function TestHubSpotCreateContact.test_api_call_with_real_mode at 0x10b625580&gt;
        patching   = &lt;unittest.mock._patch object at 0x10b174da0&gt;
        self       = &lt;unittest.mock._patch object at 0x10b174da0&gt;
/opt/homebrew/Cellar/python@3.12/3.12.12/Frameworks/Python.framework/Versions/3.12/lib/python3.12/contextlib.py:526: in enter_context
    result = _enter(cm)
             ^^^^^^^^^^
        _enter     = &lt;function _patch.__enter__ at 0x1070a6520&gt;
        _exit      = &lt;function _patch.__exit__ at 0x1070a65c0&gt;
        cls        = &lt;class 'unittest.mock._patch'&gt;
        cm         = &lt;unittest.mock._patch object at 0x10b174da0&gt;
        self       = &lt;contextlib.ExitStack object at 0x10b8468d0&gt;
/opt/homebrew/Cellar/python@3.12/3.12.12/Frameworks/Python.framework/Versions/3.12/lib/python3.12/unittest/mock.py:1467: in __enter__
    original, local = self.get_original()
                      ^^^^^^^^^^^^^^^^^^^
        autospec   = None
        kwargs     = {}
        new        = sentinel.DEFAULT
        new_callable = None
        self       = &lt;unittest.mock._patch object at 0x10b174da0&gt;
        spec       = None
        spec_set   = None
/opt/homebrew/Cellar/python@3.12/3.12.12/Frameworks/Python.framework/Versions/3.12/lib/python3.12/unittest/mock.py:1437: in get_original
    raise AttributeError(
E   AttributeError: &lt;module 'tools.integrations.hubspot.hubspot_create_contact' from '/Users/frank/Documents/Code/Genspark/agentswarm-tools/tools/integrations/hubspot/hubspot_create_contact.py'&gt; does not have the attribute 'requests'
        local      = False
        name       = 'requests'
        original   = sentinel.DEFAULT
        self       = &lt;unittest.mock._patch object at 0x10b174da0&gt;
        target     = &lt;module 'tools.integrations.hubspot.hubspot_create_contact' from '/Users/frank/Documents/Code/Genspark/agentswarm-tools/tools/integrations/hubspot/hubspot_create_contact.py'&gt;</failure></testcase><testcase classname="tests.integrations.hubspot.test_hubspot_create_contact.TestHubSpotCreateContact" name="test_authentication_error" time="0.000"><failure message="AttributeError: &lt;module 'tools.integrations.hubspot.hubspot_create_contact' from '/Users/frank/Documents/Code/Genspark/agentswarm-tools/tools/integrations/hubspot/hubspot_create_contact.py'&gt; does not have the attribute 'requests'">/opt/homebrew/Cellar/python@3.12/3.12.12/Frameworks/Python.framework/Versions/3.12/lib/python3.12/unittest/mock.py:1393: in patched
    with self.decoration_helper(patched,
        args       = (&lt;hubspot.test_hubspot_create_contact.TestHubSpotCreateContact object at 0x10b6692b0&gt;,)
        func       = &lt;function TestHubSpotCreateContact.test_authentication_error at 0x10b6256c0&gt;
        keywargs   = {}
        patched    = &lt;function TestHubSpotCreateContact.test_authentication_error at 0x10b625760&gt;
        self       = &lt;unittest.mock._patch object at 0x10afc7680&gt;
/opt/homebrew/Cellar/python@3.12/3.12.12/Frameworks/Python.framework/Versions/3.12/lib/python3.12/contextlib.py:137: in __enter__
    return next(self.gen)
           ^^^^^^^^^^^^^^
        self       = &lt;contextlib._GeneratorContextManager object at 0x10b847ef0&gt;
/opt/homebrew/Cellar/python@3.12/3.12.12/Frameworks/Python.framework/Versions/3.12/lib/python3.12/unittest/mock.py:1375: in decoration_helper
    arg = exit_stack.enter_context(patching)
          ^^^^^^^^^^^^^^^^^^^^^^^^^^^^^^^^^^
        args       = (&lt;hubspot.test_hubspot_create_contact.TestHubSpotCreateContact object at 0x10b6692b0&gt;,)
        exit_stack = &lt;contextlib.ExitStack object at 0x10b847d70&gt;
        extra_args = []
        keywargs   = {}
        patched    = &lt;function TestHubSpotCreateContact.test_authentication_error at 0x10b625760&gt;
        patching   = &lt;unittest.mock._patch object at 0x10afc7680&gt;
        self       = &lt;unittest.mock._patch object at 0x10afc7680&gt;
/opt/homebrew/Cellar/python@3.12/3.12.12/Frameworks/Python.framework/Versions/3.12/lib/python3.12/contextlib.py:526: in enter_context
    result = _enter(cm)
             ^^^^^^^^^^
        _enter     = &lt;function _patch.__enter__ at 0x1070a6520&gt;
        _exit      = &lt;function _patch.__exit__ at 0x1070a65c0&gt;
        cls        = &lt;class 'unittest.mock._patch'&gt;
        cm         = &lt;unittest.mock._patch object at 0x10afc7680&gt;
        self       = &lt;contextlib.ExitStack object at 0x10b847d70&gt;
/opt/homebrew/Cellar/python@3.12/3.12.12/Frameworks/Python.framework/Versions/3.12/lib/python3.12/unittest/mock.py:1467: in __enter__
    original, local = self.get_original()
                      ^^^^^^^^^^^^^^^^^^^
        autospec   = None
        kwargs     = {}
        new        = sentinel.DEFAULT
        new_callable = None
        self       = &lt;unittest.mock._patch object at 0x10afc7680&gt;
        spec       = None
        spec_set   = None
/opt/homebrew/Cellar/python@3.12/3.12.12/Frameworks/Python.framework/Versions/3.12/lib/python3.12/unittest/mock.py:1437: in get_original
    raise AttributeError(
E   AttributeError: &lt;module 'tools.integrations.hubspot.hubspot_create_contact' from '/Users/frank/Documents/Code/Genspark/agentswarm-tools/tools/integrations/hubspot/hubspot_create_contact.py'&gt; does not have the attribute 'requests'
        local      = False
        name       = 'requests'
        original   = sentinel.DEFAULT
        self       = &lt;unittest.mock._patch object at 0x10afc7680&gt;
        target     = &lt;module 'tools.integrations.hubspot.hubspot_create_contact' from '/Users/frank/Documents/Code/Genspark/agentswarm-tools/tools/integrations/hubspot/hubspot_create_contact.py'&gt;</failure></testcase><testcase classname="tests.integrations.hubspot.test_hubspot_create_contact.TestHubSpotCreateContact" name="test_empty_batch_validation" time="0.001" /><testcase classname="tests.integrations.hubspot.test_hubspot_create_contact.TestHubSpotCreateContact" name="test_optional_fields" time="0.001" /><testcase classname="tests.integrations.hubspot.test_hubspot_create_contact.TestHubSpotCreateContact" name="test_contact_id_generation_consistency" time="0.001" /><testcase classname="tests.integrations.hubspot.test_hubspot_create_contact.TestHubSpotCreateContact" name="test_batch_with_custom_properties" time="0.001" /><testcase classname="tests.integrations.hubspot.test_hubspot_get_analytics.TestHubSpotGetAnalytics" name="test_contacts_analytics" time="0.001" /><testcase classname="tests.integrations.hubspot.test_hubspot_get_analytics.TestHubSpotGetAnalytics" name="test_deals_analytics" time="0.001" /><testcase classname="tests.integrations.hubspot.test_hubspot_get_analytics.TestHubSpotGetAnalytics" name="test_pipeline_analytics" time="0.001" /><testcase classname="tests.integrations.hubspot.test_hubspot_get_analytics.TestHubSpotGetAnalytics" name="test_email_analytics" time="0.001"><failure message="AssertionError: assert 'total_sent' in {'custom_metric_1': 12345, 'custom_metric_2': 67890, 'custom_metric_3': 0.456}">tests/integrations/hubspot/test_hubspot_get_analytics.py:83: in test_email_analytics
    assert "total_sent" in result["metrics"]
E   AssertionError: assert 'total_sent' in {'custom_metric_1': 12345, 'custom_metric_2': 67890, 'custom_metric_3': 0.456}
        result     = {'data': [],
 'metadata': {'data_points': 0,
              'mock_mode': True,
              'tool_name': 'hubspot_get_analytics'},
 'metrics': {'custom_metric_1': 12345,
             'custom_metric_2': 67890,
             'custom_metric_3': 0.456},
 'report_type': 'email',
 'success': True,
 'summary': {'report_generated_at': '2025-11-24T08:47:07.447312',
             'total_records': 80235.456},
 'time_range': {'end_date': '2024-01-31', 'start_date': '2024-01-01'}}
        self       = &lt;hubspot.test_hubspot_get_analytics.TestHubSpotGetAnalytics object at 0x10b668170&gt;
        tool       = HubSpotGetAnalytics(tool_name='hubspot_get_analytics', tool_category='integrations', rate_limit_type='hubspot_api', rate_limit_cost=1, max_retries=3, retry_delay=1.0, enable_cache=False, cache_ttl=3600, cache_key_params=None, report_type='email', start_date='2024-01-01', end_date='2024-01-31', time_period=None, pipeline_id=None, dealstage=None, email_campaign_id=None, contact_lifecycle_stage=None, owner_id=None, metrics=None, group_by=None, custom_report_id=None, properties=None, include_details=False, limit=100)</failure></testcase><testcase classname="tests.integrations.hubspot.test_hubspot_get_analytics.TestHubSpotGetAnalytics" name="test_conversions_analytics" time="0.001" /><testcase classname="tests.integrations.hubspot.test_hubspot_get_analytics.TestHubSpotGetAnalytics" name="test_revenue_analytics" time="0.001" /><testcase classname="tests.integrations.hubspot.test_hubspot_get_analytics.TestHubSpotGetAnalytics" name="test_engagement_analytics" time="0.001" /><testcase classname="tests.integrations.hubspot.test_hubspot_get_analytics.TestHubSpotGetAnalytics" name="test_analytics_with_metrics_filter" time="0.001" /><testcase classname="tests.integrations.hubspot.test_hubspot_get_analytics.TestHubSpotGetAnalytics" name="test_analytics_grouped_by_day" time="0.002" /><testcase classname="tests.integrations.hubspot.test_hubspot_get_analytics.TestHubSpotGetAnalytics" name="test_analytics_grouped_by_stage" time="0.001" /><testcase classname="tests.integrations.hubspot.test_hubspot_get_analytics.TestHubSpotGetAnalytics" name="test_time_range_calculation_today" time="0.001" /><testcase classname="tests.integrations.hubspot.test_hubspot_get_analytics.TestHubSpotGetAnalytics" name="test_time_range_calculation_last_7_days" time="0.001" /><testcase classname="tests.integrations.hubspot.test_hubspot_get_analytics.TestHubSpotGetAnalytics" name="test_custom_date_range" time="0.001" /><testcase classname="tests.integrations.hubspot.test_hubspot_get_analytics.TestHubSpotGetAnalytics" name="test_analytics_with_owner_filter" time="0.001" /><testcase classname="tests.integrations.hubspot.test_hubspot_get_analytics.TestHubSpotGetAnalytics" name="test_analytics_with_pipeline_filter" time="0.001" /><testcase classname="tests.integrations.hubspot.test_hubspot_get_analytics.TestHubSpotGetAnalytics" name="test_analytics_with_limit" time="0.001" /><testcase classname="tests.integrations.hubspot.test_hubspot_get_analytics.TestHubSpotGetAnalytics" name="test_analytics_summary" time="0.001" /><testcase classname="tests.integrations.hubspot.test_hubspot_get_analytics.TestHubSpotGetAnalytics" name="test_invalid_report_type" time="0.001" /><testcase classname="tests.integrations.hubspot.test_hubspot_get_analytics.TestHubSpotGetAnalytics" name="test_invalid_time_period" time="0.001" /><testcase classname="tests.integrations.hubspot.test_hubspot_get_analytics.TestHubSpotGetAnalytics" name="test_invalid_group_by" time="0.001" /><testcase classname="tests.integrations.hubspot.test_hubspot_get_analytics.TestHubSpotGetAnalytics" name="test_invalid_date_format" time="0.001"><failure message="AssertionError: assert 'YYYY-MM-DD format' in 'hubspot_get_analytics: [VALIDATION_ERROR] Invalid date format. Use YYYY-MM-DD'&#10; +  where 'hubspot_get_analytics: [VALIDATION_ERROR] Invalid date format. Use YYYY-MM-DD' = str(ValidationError('Invalid date format. Use YYYY-MM-DD'))&#10; +    where ValidationError('Invalid date format. Use YYYY-MM-DD') = &lt;ExceptionInfo ValidationError('Invalid date format. Use YYYY-MM-DD') tblen=5&gt;.value">tests/integrations/hubspot/test_hubspot_get_analytics.py:297: in test_invalid_date_format
    assert "YYYY-MM-DD format" in str(exc_info.value)
E   AssertionError: assert 'YYYY-MM-DD format' in 'hubspot_get_analytics: [VALIDATION_ERROR] Invalid date format. Use YYYY-MM-DD'
E    +  where 'hubspot_get_analytics: [VALIDATION_ERROR] Invalid date format. Use YYYY-MM-DD' = str(ValidationError('Invalid date format. Use YYYY-MM-DD'))
E    +    where ValidationError('Invalid date format. Use YYYY-MM-DD') = &lt;ExceptionInfo ValidationError('Invalid date format. Use YYYY-MM-DD') tblen=5&gt;.value
        exc_info   = &lt;ExceptionInfo ValidationError('Invalid date format. Use YYYY-MM-DD') tblen=5&gt;
        self       = &lt;hubspot.test_hubspot_get_analytics.TestHubSpotGetAnalytics object at 0x10b6884d0&gt;
        tool       = HubSpotGetAnalytics(tool_name='hubspot_get_analytics', tool_category='integrations', rate_limit_type='hubspot_api', rate_limit_cost=1, max_retries=3, retry_delay=1.0, enable_cache=False, cache_ttl=3600, cache_key_params=None, report_type='contacts', start_date='invalid-date', end_date='2024-01-31', time_period=None, pipeline_id=None, dealstage=None, email_campaign_id=None, contact_lifecycle_stage=None, owner_id=None, metrics=None, group_by=None, custom_report_id=None, properties=None, include_details=False, limit=100)</failure></testcase><testcase classname="tests.integrations.hubspot.test_hubspot_get_analytics.TestHubSpotGetAnalytics" name="test_start_date_after_end_date" time="0.001" /><testcase classname="tests.integrations.hubspot.test_hubspot_get_analytics.TestHubSpotGetAnalytics" name="test_custom_report_requires_id" time="0.001" /><testcase classname="tests.integrations.hubspot.test_hubspot_get_analytics.TestHubSpotGetAnalytics" name="test_custom_report_with_id" time="0.001" /><testcase classname="tests.integrations.hubspot.test_hubspot_get_analytics.TestHubSpotGetAnalytics" name="test_analytics_with_properties" time="0.001" /><testcase classname="tests.integrations.hubspot.test_hubspot_get_analytics.TestHubSpotGetAnalytics" name="test_analytics_include_details_false" time="0.001" /><testcase classname="tests.integrations.hubspot.test_hubspot_get_analytics.TestHubSpotGetAnalytics" name="test_time_period_this_month" time="0.001" /><testcase classname="tests.integrations.hubspot.test_hubspot_get_analytics.TestHubSpotGetAnalytics" name="test_tool_metadata" time="0.000" /><testcase classname="tests.integrations.hubspot.test_hubspot_get_analytics.TestHubSpotGetAnalytics" name="test_metadata_in_result" time="0.001" /><testcase classname="tests.integrations.hubspot.test_hubspot_get_analytics.TestHubSpotGetAnalytics" name="test_api_call_structure" time="0.000"><failure message="AttributeError: &lt;module 'tools.integrations.hubspot.hubspot_get_analytics' from '/Users/frank/Documents/Code/Genspark/agentswarm-tools/tools/integrations/hubspot/hubspot_get_analytics.py'&gt; does not have the attribute 'requests'">/opt/homebrew/Cellar/python@3.12/3.12.12/Frameworks/Python.framework/Versions/3.12/lib/python3.12/unittest/mock.py:1393: in patched
    with self.decoration_helper(patched,
        args       = (&lt;hubspot.test_hubspot_get_analytics.TestHubSpotGetAnalytics object at 0x10b669880&gt;,)
        func       = &lt;function TestHubSpotGetAnalytics.test_api_call_structure at 0x10b67c400&gt;
        keywargs   = {}
        patched    = &lt;function TestHubSpotGetAnalytics.test_api_call_structure at 0x10b67c4a0&gt;
        self       = &lt;unittest.mock._patch object at 0x10b5e7ad0&gt;
/opt/homebrew/Cellar/python@3.12/3.12.12/Frameworks/Python.framework/Versions/3.12/lib/python3.12/contextlib.py:137: in __enter__
    return next(self.gen)
           ^^^^^^^^^^^^^^
        self       = &lt;contextlib._GeneratorContextManager object at 0x10ba84740&gt;
/opt/homebrew/Cellar/python@3.12/3.12.12/Frameworks/Python.framework/Versions/3.12/lib/python3.12/unittest/mock.py:1375: in decoration_helper
    arg = exit_stack.enter_context(patching)
          ^^^^^^^^^^^^^^^^^^^^^^^^^^^^^^^^^^
        args       = (&lt;hubspot.test_hubspot_get_analytics.TestHubSpotGetAnalytics object at 0x10b669880&gt;,)
        exit_stack = &lt;contextlib.ExitStack object at 0x10ba846e0&gt;
        extra_args = []
        keywargs   = {}
        patched    = &lt;function TestHubSpotGetAnalytics.test_api_call_structure at 0x10b67c4a0&gt;
        patching   = &lt;unittest.mock._patch object at 0x10b5e7ad0&gt;
        self       = &lt;unittest.mock._patch object at 0x10b5e7ad0&gt;
/opt/homebrew/Cellar/python@3.12/3.12.12/Frameworks/Python.framework/Versions/3.12/lib/python3.12/contextlib.py:526: in enter_context
    result = _enter(cm)
             ^^^^^^^^^^
        _enter     = &lt;function _patch.__enter__ at 0x1070a6520&gt;
        _exit      = &lt;function _patch.__exit__ at 0x1070a65c0&gt;
        cls        = &lt;class 'unittest.mock._patch'&gt;
        cm         = &lt;unittest.mock._patch object at 0x10b5e7ad0&gt;
        self       = &lt;contextlib.ExitStack object at 0x10ba846e0&gt;
/opt/homebrew/Cellar/python@3.12/3.12.12/Frameworks/Python.framework/Versions/3.12/lib/python3.12/unittest/mock.py:1467: in __enter__
    original, local = self.get_original()
                      ^^^^^^^^^^^^^^^^^^^
        autospec   = None
        kwargs     = {}
        new        = sentinel.DEFAULT
        new_callable = None
        self       = &lt;unittest.mock._patch object at 0x10b5e7ad0&gt;
        spec       = None
        spec_set   = None
/opt/homebrew/Cellar/python@3.12/3.12.12/Frameworks/Python.framework/Versions/3.12/lib/python3.12/unittest/mock.py:1437: in get_original
    raise AttributeError(
E   AttributeError: &lt;module 'tools.integrations.hubspot.hubspot_get_analytics' from '/Users/frank/Documents/Code/Genspark/agentswarm-tools/tools/integrations/hubspot/hubspot_get_analytics.py'&gt; does not have the attribute 'requests'
        local      = False
        name       = 'requests'
        original   = sentinel.DEFAULT
        self       = &lt;unittest.mock._patch object at 0x10b5e7ad0&gt;
        target     = &lt;module 'tools.integrations.hubspot.hubspot_get_analytics' from '/Users/frank/Documents/Code/Genspark/agentswarm-tools/tools/integrations/hubspot/hubspot_get_analytics.py'&gt;</failure></testcase><testcase classname="tests.integrations.hubspot.test_hubspot_send_email.TestHubSpotSendEmail" name="test_send_templated_email" time="0.002" /><testcase classname="tests.integrations.hubspot.test_hubspot_send_email.TestHubSpotSendEmail" name="test_send_custom_email" time="0.001" /><testcase classname="tests.integrations.hubspot.test_hubspot_send_email.TestHubSpotSendEmail" name="test_send_to_single_recipient" time="0.001" /><testcase classname="tests.integrations.hubspot.test_hubspot_send_email.TestHubSpotSendEmail" name="test_email_with_personalization" time="0.001" /><testcase classname="tests.integrations.hubspot.test_hubspot_send_email.TestHubSpotSendEmail" name="test_email_tracking_options" time="0.001" /><testcase classname="tests.integrations.hubspot.test_hubspot_send_email.TestHubSpotSendEmail" name="test_scheduled_email" time="0.001" /><testcase classname="tests.integrations.hubspot.test_hubspot_send_email.TestHubSpotSendEmail" name="test_email_with_campaign" time="0.001" /><testcase classname="tests.integrations.hubspot.test_hubspot_send_email.TestHubSpotSendEmail" name="test_batch_email_sending" time="0.001" /><testcase classname="tests.integrations.hubspot.test_hubspot_send_email.TestHubSpotSendEmail" name="test_missing_content_error" time="0.001" /><testcase classname="tests.integrations.hubspot.test_hubspot_send_email.TestHubSpotSendEmail" name="test_missing_recipients_error" time="0.001" /><testcase classname="tests.integrations.hubspot.test_hubspot_send_email.TestHubSpotSendEmail" name="test_missing_from_email_error" time="0.001" /><testcase classname="tests.integrations.hubspot.test_hubspot_send_email.TestHubSpotSendEmail" name="test_scheduled_time_conflict" time="0.001" /><testcase classname="tests.integrations.hubspot.test_hubspot_send_email.TestHubSpotSendEmail" name="test_invalid_scheduled_time_format" time="0.001" /><testcase classname="tests.integrations.hubspot.test_hubspot_send_email.TestHubSpotSendEmail" name="test_batch_size_limit" time="0.001" /><testcase classname="tests.integrations.hubspot.test_hubspot_send_email.TestHubSpotSendEmail" name="test_batch_email_validation" time="0.001" /><testcase classname="tests.integrations.hubspot.test_hubspot_send_email.TestHubSpotSendEmail" name="test_email_with_reply_to" time="0.001" /><testcase classname="tests.integrations.hubspot.test_hubspot_send_email.TestHubSpotSendEmail" name="test_email_with_reminder" time="0.001" /><testcase classname="tests.integrations.hubspot.test_hubspot_send_email.TestHubSpotSendEmail" name="test_contact_properties_personalization" time="0.001" /><testcase classname="tests.integrations.hubspot.test_hubspot_send_email.TestHubSpotSendEmail" name="test_email_to_multiple_lists" time="0.001" /><testcase classname="tests.integrations.hubspot.test_hubspot_send_email.TestHubSpotSendEmail" name="test_tool_metadata" time="0.000" /><testcase classname="tests.integrations.hubspot.test_hubspot_send_email.TestHubSpotSendEmail" name="test_tracking_disabled" time="0.001" /><testcase classname="tests.integrations.hubspot.test_hubspot_send_email.TestHubSpotSendEmail" name="test_api_call_structure" time="0.001"><failure message="AttributeError: &lt;module 'tools.integrations.hubspot.hubspot_send_email' from '/Users/frank/Documents/Code/Genspark/agentswarm-tools/tools/integrations/hubspot/hubspot_send_email.py'&gt; does not have the attribute 'requests'">/opt/homebrew/Cellar/python@3.12/3.12.12/Frameworks/Python.framework/Versions/3.12/lib/python3.12/unittest/mock.py:1393: in patched
    with self.decoration_helper(patched,
        args       = (&lt;hubspot.test_hubspot_send_email.TestHubSpotSendEmail object at 0x10b6b4620&gt;,)
        func       = &lt;function TestHubSpotSendEmail.test_api_call_structure at 0x10b67efc0&gt;
        keywargs   = {}
        patched    = &lt;function TestHubSpotSendEmail.test_api_call_structure at 0x10b67f060&gt;
        self       = &lt;unittest.mock._patch object at 0x10b668b00&gt;
/opt/homebrew/Cellar/python@3.12/3.12.12/Frameworks/Python.framework/Versions/3.12/lib/python3.12/contextlib.py:137: in __enter__
    return next(self.gen)
           ^^^^^^^^^^^^^^
        self       = &lt;contextlib._GeneratorContextManager object at 0x10ba87e30&gt;
/opt/homebrew/Cellar/python@3.12/3.12.12/Frameworks/Python.framework/Versions/3.12/lib/python3.12/unittest/mock.py:1375: in decoration_helper
    arg = exit_stack.enter_context(patching)
          ^^^^^^^^^^^^^^^^^^^^^^^^^^^^^^^^^^
        args       = (&lt;hubspot.test_hubspot_send_email.TestHubSpotSendEmail object at 0x10b6b4620&gt;,)
        exit_stack = &lt;contextlib.ExitStack object at 0x10ba87f80&gt;
        extra_args = []
        keywargs   = {}
        patched    = &lt;function TestHubSpotSendEmail.test_api_call_structure at 0x10b67f060&gt;
        patching   = &lt;unittest.mock._patch object at 0x10b668b00&gt;
        self       = &lt;unittest.mock._patch object at 0x10b668b00&gt;
/opt/homebrew/Cellar/python@3.12/3.12.12/Frameworks/Python.framework/Versions/3.12/lib/python3.12/contextlib.py:526: in enter_context
    result = _enter(cm)
             ^^^^^^^^^^
        _enter     = &lt;function _patch.__enter__ at 0x1070a6520&gt;
        _exit      = &lt;function _patch.__exit__ at 0x1070a65c0&gt;
        cls        = &lt;class 'unittest.mock._patch'&gt;
        cm         = &lt;unittest.mock._patch object at 0x10b668b00&gt;
        self       = &lt;contextlib.ExitStack object at 0x10ba87f80&gt;
/opt/homebrew/Cellar/python@3.12/3.12.12/Frameworks/Python.framework/Versions/3.12/lib/python3.12/unittest/mock.py:1467: in __enter__
    original, local = self.get_original()
                      ^^^^^^^^^^^^^^^^^^^
        autospec   = None
        kwargs     = {}
        new        = sentinel.DEFAULT
        new_callable = None
        self       = &lt;unittest.mock._patch object at 0x10b668b00&gt;
        spec       = None
        spec_set   = None
/opt/homebrew/Cellar/python@3.12/3.12.12/Frameworks/Python.framework/Versions/3.12/lib/python3.12/unittest/mock.py:1437: in get_original
    raise AttributeError(
E   AttributeError: &lt;module 'tools.integrations.hubspot.hubspot_send_email' from '/Users/frank/Documents/Code/Genspark/agentswarm-tools/tools/integrations/hubspot/hubspot_send_email.py'&gt; does not have the attribute 'requests'
        local      = False
        name       = 'requests'
        original   = sentinel.DEFAULT
        self       = &lt;unittest.mock._patch object at 0x10b668b00&gt;
        target     = &lt;module 'tools.integrations.hubspot.hubspot_send_email' from '/Users/frank/Documents/Code/Genspark/agentswarm-tools/tools/integrations/hubspot/hubspot_send_email.py'&gt;</failure></testcase><testcase classname="tests.integrations.hubspot.test_hubspot_sync_calendar.TestHubSpotSyncCalendar" name="test_create_meeting" time="0.001" /><testcase classname="tests.integrations.hubspot.test_hubspot_sync_calendar.TestHubSpotSyncCalendar" name="test_create_meeting_with_attendees" time="0.001" /><testcase classname="tests.integrations.hubspot.test_hubspot_sync_calendar.TestHubSpotSyncCalendar" name="test_create_meeting_with_type" time="0.002" /><testcase classname="tests.integrations.hubspot.test_hubspot_sync_calendar.TestHubSpotSyncCalendar" name="test_update_meeting" time="0.001" /><testcase classname="tests.integrations.hubspot.test_hubspot_sync_calendar.TestHubSpotSyncCalendar" name="test_update_meeting_outcome" time="0.003" /><testcase classname="tests.integrations.hubspot.test_hubspot_sync_calendar.TestHubSpotSyncCalendar" name="test_delete_meeting" time="0.001" /><testcase classname="tests.integrations.hubspot.test_hubspot_sync_calendar.TestHubSpotSyncCalendar" name="test_hubspot_to_google_sync" time="0.001" /><testcase classname="tests.integrations.hubspot.test_hubspot_sync_calendar.TestHubSpotSyncCalendar" name="test_google_to_hubspot_sync" time="0.001" /><testcase classname="tests.integrations.hubspot.test_hubspot_sync_calendar.TestHubSpotSyncCalendar" name="test_bidirectional_sync" time="0.000" /><testcase classname="tests.integrations.hubspot.test_hubspot_sync_calendar.TestHubSpotSyncCalendar" name="test_sync_with_interval" time="0.001" /><testcase classname="tests.integrations.hubspot.test_hubspot_sync_calendar.TestHubSpotSyncCalendar" name="test_sync_with_owner_filter" time="0.000" /><testcase classname="tests.integrations.hubspot.test_hubspot_sync_calendar.TestHubSpotSyncCalendar" name="test_sync_including_past_events" time="0.001" /><testcase classname="tests.integrations.hubspot.test_hubspot_sync_calendar.TestHubSpotSyncCalendar" name="test_meeting_with_notifications" time="0.001" /><testcase classname="tests.integrations.hubspot.test_hubspot_sync_calendar.TestHubSpotSyncCalendar" name="test_meeting_with_custom_calendar" time="0.001" /><testcase classname="tests.integrations.hubspot.test_hubspot_sync_calendar.TestHubSpotSyncCalendar" name="test_invalid_operation" time="0.001" /><testcase classname="tests.integrations.hubspot.test_hubspot_sync_calendar.TestHubSpotSyncCalendar" name="test_create_meeting_missing_title" time="0.001" /><testcase classname="tests.integrations.hubspot.test_hubspot_sync_calendar.TestHubSpotSyncCalendar" name="test_create_meeting_missing_times" time="0.001" /><testcase classname="tests.integrations.hubspot.test_hubspot_sync_calendar.TestHubSpotSyncCalendar" name="test_invalid_time_format" time="0.001" /><testcase classname="tests.integrations.hubspot.test_hubspot_sync_calendar.TestHubSpotSyncCalendar" name="test_start_time_after_end_time" time="0.001" /><testcase classname="tests.integrations.hubspot.test_hubspot_sync_calendar.TestHubSpotSyncCalendar" name="test_update_meeting_requires_id" time="0.001" /><testcase classname="tests.integrations.hubspot.test_hubspot_sync_calendar.TestHubSpotSyncCalendar" name="test_delete_meeting_requires_id" time="0.001" /><testcase classname="tests.integrations.hubspot.test_hubspot_sync_calendar.TestHubSpotSyncCalendar" name="test_invalid_meeting_type" time="0.001" /><testcase classname="tests.integrations.hubspot.test_hubspot_sync_calendar.TestHubSpotSyncCalendar" name="test_invalid_outcome" time="0.001" /><testcase classname="tests.integrations.hubspot.test_hubspot_sync_calendar.TestHubSpotSyncCalendar" name="test_sync_date_range" time="0.001" /><testcase classname="tests.integrations.hubspot.test_hubspot_sync_calendar.TestHubSpotSyncCalendar" name="test_update_multiple_fields" time="0.001"><failure message="AssertionError: assert 3 &gt;= 4&#10; +  where 3 = len(['title', 'description', 'outcome'])">tests/integrations/hubspot/test_hubspot_sync_calendar.py:343: in test_update_multiple_fields
    assert len(result["updated_fields"]) &gt;= 4
E   AssertionError: assert 3 &gt;= 4
E    +  where 3 = len(['title', 'description', 'outcome'])
        result     = {'meeting_id': 'meeting_456',
 'metadata': {'mock_mode': True, 'tool_name': 'hubspot_sync_calendar'},
 'operation': 'update_meeting',
 'outcome': 'completed',
 'success': True,
 'sync_status': 'synced',
 'updated_fields': ['title', 'description', 'outcome']}
        self       = &lt;hubspot.test_hubspot_sync_calendar.TestHubSpotSyncCalendar object at 0x10b6b6150&gt;
        tool       = HubSpotSyncCalendar(tool_name='hubspot_sync_calendar', tool_category='integrations', rate_limit_type='hubspot_api', rate_limit_cost=2, max_retries=3, retry_delay=1.0, enable_cache=False, cache_ttl=3600, cache_key_params=None, operation='update_meeting', title='New Title', start_time=None, end_time=None, description='New description', location='New location', attendee_emails=None, contact_ids=None, owner_id=None, meeting_id='meeting_456', meeting_type=None, outcome='completed', calendar_id='primary', event_id=None, sync_bidirectional=False, sync_interval=None, include_past_events=False, date_range_days=30, send_notifications=True, reminder_minutes=None)</failure></testcase><testcase classname="tests.integrations.hubspot.test_hubspot_sync_calendar.TestHubSpotSyncCalendar" name="test_meeting_with_video_link" time="0.001" /><testcase classname="tests.integrations.hubspot.test_hubspot_sync_calendar.TestHubSpotSyncCalendar" name="test_tool_metadata" time="0.000" /><testcase classname="tests.integrations.hubspot.test_hubspot_sync_calendar.TestHubSpotSyncCalendar" name="test_sync_interval_validation" time="0.002" /><testcase classname="tests.integrations.hubspot.test_hubspot_sync_calendar.TestHubSpotSyncCalendar" name="test_reminder_minutes_validation" time="0.002" /><testcase classname="tests.integrations.hubspot.test_hubspot_sync_calendar.TestHubSpotSyncCalendar" name="test_api_call_structure" time="0.000"><failure message="AttributeError: &lt;module 'tools.integrations.hubspot.hubspot_sync_calendar' from '/Users/frank/Documents/Code/Genspark/agentswarm-tools/tools/integrations/hubspot/hubspot_sync_calendar.py'&gt; does not have the attribute 'requests'">/opt/homebrew/Cellar/python@3.12/3.12.12/Frameworks/Python.framework/Versions/3.12/lib/python3.12/unittest/mock.py:1393: in patched
    with self.decoration_helper(patched,
        args       = (&lt;hubspot.test_hubspot_sync_calendar.TestHubSpotSyncCalendar object at 0x10b6cc650&gt;,)
        func       = &lt;function TestHubSpotSyncCalendar.test_api_call_structure at 0x10b6adee0&gt;
        keywargs   = {}
        patched    = &lt;function TestHubSpotSyncCalendar.test_api_call_structure at 0x10b6adf80&gt;
        self       = &lt;unittest.mock._patch object at 0x10b6b4830&gt;
/opt/homebrew/Cellar/python@3.12/3.12.12/Frameworks/Python.framework/Versions/3.12/lib/python3.12/contextlib.py:137: in __enter__
    return next(self.gen)
           ^^^^^^^^^^^^^^
        self       = &lt;contextlib._GeneratorContextManager object at 0x106c33dd0&gt;
/opt/homebrew/Cellar/python@3.12/3.12.12/Frameworks/Python.framework/Versions/3.12/lib/python3.12/unittest/mock.py:1375: in decoration_helper
    arg = exit_stack.enter_context(patching)
          ^^^^^^^^^^^^^^^^^^^^^^^^^^^^^^^^^^
        args       = (&lt;hubspot.test_hubspot_sync_calendar.TestHubSpotSyncCalendar object at 0x10b6cc650&gt;,)
        exit_stack = &lt;contextlib.ExitStack object at 0x106c33e60&gt;
        extra_args = []
        keywargs   = {}
        patched    = &lt;function TestHubSpotSyncCalendar.test_api_call_structure at 0x10b6adf80&gt;
        patching   = &lt;unittest.mock._patch object at 0x10b6b4830&gt;
        self       = &lt;unittest.mock._patch object at 0x10b6b4830&gt;
/opt/homebrew/Cellar/python@3.12/3.12.12/Frameworks/Python.framework/Versions/3.12/lib/python3.12/contextlib.py:526: in enter_context
    result = _enter(cm)
             ^^^^^^^^^^
        _enter     = &lt;function _patch.__enter__ at 0x1070a6520&gt;
        _exit      = &lt;function _patch.__exit__ at 0x1070a65c0&gt;
        cls        = &lt;class 'unittest.mock._patch'&gt;
        cm         = &lt;unittest.mock._patch object at 0x10b6b4830&gt;
        self       = &lt;contextlib.ExitStack object at 0x106c33e60&gt;
/opt/homebrew/Cellar/python@3.12/3.12.12/Frameworks/Python.framework/Versions/3.12/lib/python3.12/unittest/mock.py:1467: in __enter__
    original, local = self.get_original()
                      ^^^^^^^^^^^^^^^^^^^
        autospec   = None
        kwargs     = {}
        new        = sentinel.DEFAULT
        new_callable = None
        self       = &lt;unittest.mock._patch object at 0x10b6b4830&gt;
        spec       = None
        spec_set   = None
/opt/homebrew/Cellar/python@3.12/3.12.12/Frameworks/Python.framework/Versions/3.12/lib/python3.12/unittest/mock.py:1437: in get_original
    raise AttributeError(
E   AttributeError: &lt;module 'tools.integrations.hubspot.hubspot_sync_calendar' from '/Users/frank/Documents/Code/Genspark/agentswarm-tools/tools/integrations/hubspot/hubspot_sync_calendar.py'&gt; does not have the attribute 'requests'
        local      = False
        name       = 'requests'
        original   = sentinel.DEFAULT
        self       = &lt;unittest.mock._patch object at 0x10b6b4830&gt;
        target     = &lt;module 'tools.integrations.hubspot.hubspot_sync_calendar' from '/Users/frank/Documents/Code/Genspark/agentswarm-tools/tools/integrations/hubspot/hubspot_sync_calendar.py'&gt;</failure></testcase><testcase classname="tests.integrations.hubspot.test_hubspot_sync_calendar.TestHubSpotSyncCalendar" name="test_notifications_disabled" time="0.001" /><testcase classname="tests.integrations.hubspot.test_hubspot_track_deal.TestHubSpotTrackDeal" name="test_create_deal" time="0.001" /><testcase classname="tests.integrations.hubspot.test_hubspot_track_deal.TestHubSpotTrackDeal" name="test_deal_with_associations" time="0.001" /><testcase classname="tests.integrations.hubspot.test_hubspot_track_deal.TestHubSpotTrackDeal" name="test_update_deal_stage" time="0.001" /><testcase classname="tests.integrations.hubspot.test_hubspot_track_deal.TestHubSpotTrackDeal" name="test_win_deal" time="0.001" /><testcase classname="tests.integrations.hubspot.test_hubspot_track_deal.TestHubSpotTrackDeal" name="test_lose_deal" time="0.001" /><testcase classname="tests.integrations.hubspot.test_hubspot_track_deal.TestHubSpotTrackDeal" name="test_forecast_category_pipeline" time="0.001" /><testcase classname="tests.integrations.hubspot.test_hubspot_track_deal.TestHubSpotTrackDeal" name="test_forecast_category_best_case" time="0.001" /><testcase classname="tests.integrations.hubspot.test_hubspot_track_deal.TestHubSpotTrackDeal" name="test_forecast_category_commit" time="0.000" /><testcase classname="tests.integrations.hubspot.test_hubspot_track_deal.TestHubSpotTrackDeal" name="test_batch_deal_creation" time="0.000" /><testcase classname="tests.integrations.hubspot.test_hubspot_track_deal.TestHubSpotTrackDeal" name="test_deal_with_custom_properties" time="0.000" /><testcase classname="tests.integrations.hubspot.test_hubspot_track_deal.TestHubSpotTrackDeal" name="test_dealtype_validation" time="0.002" /><testcase classname="tests.integrations.hubspot.test_hubspot_track_deal.TestHubSpotTrackDeal" name="test_priority_validation" time="0.002" /><testcase classname="tests.integrations.hubspot.test_hubspot_track_deal.TestHubSpotTrackDeal" name="test_closedate_format_validation" time="0.001" /><testcase classname="tests.integrations.hubspot.test_hubspot_track_deal.TestHubSpotTrackDeal" name="test_missing_dealname_error" time="0.001" /><testcase classname="tests.integrations.hubspot.test_hubspot_track_deal.TestHubSpotTrackDeal" name="test_update_requires_fields" time="0.001" /><testcase classname="tests.integrations.hubspot.test_hubspot_track_deal.TestHubSpotTrackDeal" name="test_cannot_win_and_lose_simultaneously" time="0.001" /><testcase classname="tests.integrations.hubspot.test_hubspot_track_deal.TestHubSpotTrackDeal" name="test_batch_size_limit" time="0.001" /><testcase classname="tests.integrations.hubspot.test_hubspot_track_deal.TestHubSpotTrackDeal" name="test_batch_deal_missing_dealname" time="0.001" /><testcase classname="tests.integrations.hubspot.test_hubspot_track_deal.TestHubSpotTrackDeal" name="test_update_deal_amount" time="0.001" /><testcase classname="tests.integrations.hubspot.test_hubspot_track_deal.TestHubSpotTrackDeal" name="test_deal_with_description" time="0.001" /><testcase classname="tests.integrations.hubspot.test_hubspot_track_deal.TestHubSpotTrackDeal" name="test_tool_metadata" time="0.000" /><testcase classname="tests.integrations.hubspot.test_hubspot_track_deal.TestHubSpotTrackDeal" name="test_api_call_structure" time="0.000"><failure message="AttributeError: &lt;module 'tools.integrations.hubspot.hubspot_track_deal' from '/Users/frank/Documents/Code/Genspark/agentswarm-tools/tools/integrations/hubspot/hubspot_track_deal.py'&gt; does not have the attribute 'requests'">/opt/homebrew/Cellar/python@3.12/3.12.12/Frameworks/Python.framework/Versions/3.12/lib/python3.12/unittest/mock.py:1393: in patched
    with self.decoration_helper(patched,
        args       = (&lt;hubspot.test_hubspot_track_deal.TestHubSpotTrackDeal object at 0x10b6cefc0&gt;,)
        func       = &lt;function TestHubSpotTrackDeal.test_api_call_structure at 0x10b6d8fe0&gt;
        keywargs   = {}
        patched    = &lt;function TestHubSpotTrackDeal.test_api_call_structure at 0x10b6d9080&gt;
        self       = &lt;unittest.mock._patch object at 0x10b6ccbf0&gt;
/opt/homebrew/Cellar/python@3.12/3.12.12/Frameworks/Python.framework/Versions/3.12/lib/python3.12/contextlib.py:137: in __enter__
    return next(self.gen)
           ^^^^^^^^^^^^^^
        self       = &lt;contextlib._GeneratorContextManager object at 0x10ba65280&gt;
/opt/homebrew/Cellar/python@3.12/3.12.12/Frameworks/Python.framework/Versions/3.12/lib/python3.12/unittest/mock.py:1375: in decoration_helper
    arg = exit_stack.enter_context(patching)
          ^^^^^^^^^^^^^^^^^^^^^^^^^^^^^^^^^^
        args       = (&lt;hubspot.test_hubspot_track_deal.TestHubSpotTrackDeal object at 0x10b6cefc0&gt;,)
        exit_stack = &lt;contextlib.ExitStack object at 0x10ba65460&gt;
        extra_args = []
        keywargs   = {}
        patched    = &lt;function TestHubSpotTrackDeal.test_api_call_structure at 0x10b6d9080&gt;
        patching   = &lt;unittest.mock._patch object at 0x10b6ccbf0&gt;
        self       = &lt;unittest.mock._patch object at 0x10b6ccbf0&gt;
/opt/homebrew/Cellar/python@3.12/3.12.12/Frameworks/Python.framework/Versions/3.12/lib/python3.12/contextlib.py:526: in enter_context
    result = _enter(cm)
             ^^^^^^^^^^
        _enter     = &lt;function _patch.__enter__ at 0x1070a6520&gt;
        _exit      = &lt;function _patch.__exit__ at 0x1070a65c0&gt;
        cls        = &lt;class 'unittest.mock._patch'&gt;
        cm         = &lt;unittest.mock._patch object at 0x10b6ccbf0&gt;
        self       = &lt;contextlib.ExitStack object at 0x10ba65460&gt;
/opt/homebrew/Cellar/python@3.12/3.12.12/Frameworks/Python.framework/Versions/3.12/lib/python3.12/unittest/mock.py:1467: in __enter__
    original, local = self.get_original()
                      ^^^^^^^^^^^^^^^^^^^
        autospec   = None
        kwargs     = {}
        new        = sentinel.DEFAULT
        new_callable = None
        self       = &lt;unittest.mock._patch object at 0x10b6ccbf0&gt;
        spec       = None
        spec_set   = None
/opt/homebrew/Cellar/python@3.12/3.12.12/Frameworks/Python.framework/Versions/3.12/lib/python3.12/unittest/mock.py:1437: in get_original
    raise AttributeError(
E   AttributeError: &lt;module 'tools.integrations.hubspot.hubspot_track_deal' from '/Users/frank/Documents/Code/Genspark/agentswarm-tools/tools/integrations/hubspot/hubspot_track_deal.py'&gt; does not have the attribute 'requests'
        local      = False
        name       = 'requests'
        original   = sentinel.DEFAULT
        self       = &lt;unittest.mock._patch object at 0x10b6ccbf0&gt;
        target     = &lt;module 'tools.integrations.hubspot.hubspot_track_deal' from '/Users/frank/Documents/Code/Genspark/agentswarm-tools/tools/integrations/hubspot/hubspot_track_deal.py'&gt;</failure></testcase><testcase classname="tests.integrations.hubspot.test_hubspot_track_deal.TestHubSpotTrackDeal" name="test_pipeline_specification" time="0.001" /><testcase classname="tests.integrations.stripe.test_stripe_create_payment.TestStripeCreatePayment" name="test_initialization" time="0.000" /><testcase classname="tests.integrations.stripe.test_stripe_create_payment.TestStripeCreatePayment" name="test_mock_mode_basic_payment" time="0.001" /><testcase classname="tests.integrations.stripe.test_stripe_create_payment.TestStripeCreatePayment" name="test_mock_mode_confirmed_payment" time="0.001" /><testcase classname="tests.integrations.stripe.test_stripe_create_payment.TestStripeCreatePayment" name="test_mock_mode_with_metadata" time="0.001" /><testcase classname="tests.integrations.stripe.test_stripe_create_payment.TestStripeCreatePayment" name="test_multiple_currencies" time="0.002" /><testcase classname="tests.integrations.stripe.test_stripe_create_payment.TestStripeCreatePayment" name="test_validation_invalid_currency" time="0.001" /><testcase classname="tests.integrations.stripe.test_stripe_create_payment.TestStripeCreatePayment" name="test_validation_invalid_email" time="0.000"><failure message="pydantic_core._pydantic_core.ValidationError: 1 validation error for StripeCreatePayment&#10;customer_email&#10;  String should match pattern '^[\w\.-]+@[\w\.-]+\.\w+$' [type=string_pattern_mismatch, input_value='invalid-email', input_type=str]&#10;    For further information visit https://errors.pydantic.dev/2.12/v/string_pattern_mismatch">tests/integrations/stripe/test_stripe_create_payment.py:112: in test_validation_invalid_email
    tool = StripeCreatePayment(amount=1000, currency="usd", customer_email="invalid-email")
           ^^^^^^^^^^^^^^^^^^^^^^^^^^^^^^^^^^^^^^^^^^^^^^^^^^^^^^^^^^^^^^^^^^^^^^^^^^^^^^^^
        exc_info   = &lt;ExceptionInfo for raises contextmanager&gt;
        self       = &lt;test_stripe_create_payment.TestStripeCreatePayment object at 0x10b689520&gt;
shared/base.py:106: in __init__
    super().__init__(**data)
        __class__  = &lt;class 'shared.base.BaseTool'&gt;
        data       = {'amount': 1000, 'currency': 'usd', 'customer_email': 'invalid-email'}
        self       = StripeCreatePayment()
.venv312/lib/python3.12/site-packages/agency_swarm/tools/base_tool.py:36: in __init__
    super().__init__(**kwargs)
E   pydantic_core._pydantic_core.ValidationError: 1 validation error for StripeCreatePayment
E   customer_email
E     String should match pattern '^[\w\.-]+@[\w\.-]+\.\w+$' [type=string_pattern_mismatch, input_value='invalid-email', input_type=str]
E       For further information visit https://errors.pydantic.dev/2.12/v/string_pattern_mismatch
        __class__  = &lt;class 'agency_swarm.tools.base_tool.BaseTool'&gt;
        kwargs     = {'amount': 1000, 'currency': 'usd', 'customer_email': 'invalid-email'}
        self       = StripeCreatePayment()</failure></testcase><testcase classname="tests.integrations.stripe.test_stripe_create_payment.TestStripeCreatePayment" name="test_validation_invalid_amount_negative" time="0.000" /><testcase classname="tests.integrations.stripe.test_stripe_create_payment.TestStripeCreatePayment" name="test_validation_invalid_amount_too_large" time="0.000" /><testcase classname="tests.integrations.stripe.test_stripe_create_payment.TestStripeCreatePayment" name="test_validation_invalid_payment_method" time="0.001" /><testcase classname="tests.integrations.stripe.test_stripe_create_payment.TestStripeCreatePayment" name="test_payment_method_types" time="0.001" /><testcase classname="tests.integrations.stripe.test_stripe_create_payment.TestStripeCreatePayment" name="test_real_api_success" time="0.001" /><testcase classname="tests.integrations.stripe.test_stripe_create_payment.TestStripeCreatePayment" name="test_real_api_card_error" time="0.000"><failure message="AttributeError: module 'stripe' has no attribute 'error'">tests/integrations/stripe/test_stripe_create_payment.py:197: in test_real_api_card_error
    mock_stripe.PaymentIntent.create.side_effect = stripe_module.error.CardError(
                                                   ^^^^^^^^^^^^^^^^^^^
E   AttributeError: module 'stripe' has no attribute 'error'
        mock_stripe = &lt;MagicMock name='stripe' id='4490428336'&gt;
        self       = &lt;test_stripe_create_payment.TestStripeCreatePayment object at 0x10b6ea3f0&gt;
        stripe_module = &lt;module 'stripe' (namespace) from ['/Users/frank/Documents/Code/Genspark/agentswarm-tools/tests/integrations/stripe', '/Users/frank/Documents/Code/Genspark/agentswarm-tools/tests/integrations/stripe']&gt;
        valid_payment_params = {'amount': 2000,
 'currency': 'usd',
 'customer_email': 'customer@example.com',
 'description': 'Test payment'}</failure></testcase><testcase classname="tests.integrations.stripe.test_stripe_create_payment.TestStripeCreatePayment" name="test_missing_api_key" time="0.001" /><testcase classname="tests.integrations.stripe.test_stripe_create_payment.TestStripeCreatePayment" name="test_description_length_limit" time="0.000" /><testcase classname="tests.integrations.stripe.test_stripe_create_payment.TestStripeCreatePayment" name="test_edge_case_minimum_amount" time="0.001" /><testcase classname="tests.integrations.stripe.test_stripe_create_payment.TestStripeCreatePayment" name="test_edge_case_maximum_amount" time="0.001" /><testcase classname="tests.integrations.stripe.test_stripe_create_payment.TestStripeCreatePayment" name="test_metadata_persistence" time="0.001" /><testcase classname="tests.integrations.stripe.test_stripe_create_payment.TestStripeCreatePayment" name="test_concurrent_payments" time="0.002" /><testcase classname="tests.integrations.stripe.test_stripe_create_subscription.TestStripeCreateSubscription" name="test_initialization" time="0.000" /><testcase classname="tests.integrations.stripe.test_stripe_create_subscription.TestStripeCreateSubscription" name="test_mock_mode_basic_subscription" time="0.001" /><testcase classname="tests.integrations.stripe.test_stripe_create_subscription.TestStripeCreateSubscription" name="test_mock_mode_subscription_with_trial" time="0.001" /><testcase classname="tests.integrations.stripe.test_stripe_create_subscription.TestStripeCreateSubscription" name="test_mock_mode_yearly_subscription" time="0.000" /><testcase classname="tests.integrations.stripe.test_stripe_create_subscription.TestStripeCreateSubscription" name="test_mock_mode_subscription_with_quantity" time="0.001" /><testcase classname="tests.integrations.stripe.test_stripe_create_subscription.TestStripeCreateSubscription" name="test_mock_mode_subscription_with_payment_method" time="0.000" /><testcase classname="tests.integrations.stripe.test_stripe_create_subscription.TestStripeCreateSubscription" name="test_mock_mode_subscription_with_metadata" time="0.000" /><testcase classname="tests.integrations.stripe.test_stripe_create_subscription.TestStripeCreateSubscription" name="test_mock_mode_create_customer_from_email" time="0.001" /><testcase classname="tests.integrations.stripe.test_stripe_create_subscription.TestStripeCreateSubscription" name="test_validation_invalid_billing_interval" time="0.001" /><testcase classname="tests.integrations.stripe.test_stripe_create_subscription.TestStripeCreateSubscription" name="test_validation_invalid_customer_id_format" time="0.001" /><testcase classname="tests.integrations.stripe.test_stripe_create_subscription.TestStripeCreateSubscription" name="test_validation_invalid_price_id_format" time="0.000" /><testcase classname="tests.integrations.stripe.test_stripe_create_subscription.TestStripeCreateSubscription" name="test_validation_invalid_trial_period_negative" time="0.000" /><testcase classname="tests.integrations.stripe.test_stripe_create_subscription.TestStripeCreateSubscription" name="test_validation_invalid_trial_period_too_large" time="0.000" /><testcase classname="tests.integrations.stripe.test_stripe_create_subscription.TestStripeCreateSubscription" name="test_validation_invalid_quantity_zero" time="0.000" /><testcase classname="tests.integrations.stripe.test_stripe_create_subscription.TestStripeCreateSubscription" name="test_validation_invalid_quantity_too_large" time="0.000" /><testcase classname="tests.integrations.stripe.test_stripe_create_subscription.TestStripeCreateSubscription" name="test_billing_intervals" time="0.002" /><testcase classname="tests.integrations.stripe.test_stripe_create_subscription.TestStripeCreateSubscription" name="test_trial_periods" time="0.003" /><testcase classname="tests.integrations.stripe.test_stripe_create_subscription.TestStripeCreateSubscription" name="test_current_period_end_calculation" time="0.001" /><testcase classname="tests.integrations.stripe.test_stripe_create_subscription.TestStripeCreateSubscription" name="test_real_api_success" time="0.001" /><testcase classname="tests.integrations.stripe.test_stripe_create_subscription.TestStripeCreateSubscription" name="test_real_api_create_customer" time="0.001" /><testcase classname="tests.integrations.stripe.test_stripe_create_subscription.TestStripeCreateSubscription" name="test_real_api_invalid_request_error" time="0.000"><failure message="AttributeError: module 'stripe' has no attribute 'error'">tests/integrations/stripe/test_stripe_create_subscription.py:334: in test_real_api_invalid_request_error
    mock_stripe.Subscription.create.side_effect = stripe_module.error.InvalidRequestError(
                                                  ^^^^^^^^^^^^^^^^^^^
E   AttributeError: module 'stripe' has no attribute 'error'
        mock_stripe = &lt;MagicMock name='stripe' id='4491240048'&gt;
        self       = &lt;test_stripe_create_subscription.TestStripeCreateSubscription object at 0x10b70dfd0&gt;
        stripe_module = &lt;module 'stripe' (namespace) from ['/Users/frank/Documents/Code/Genspark/agentswarm-tools/tests/integrations/stripe', '/Users/frank/Documents/Code/Genspark/agentswarm-tools/tests/integrations/stripe']&gt;
        valid_subscription_params = {'customer_id': 'cus_1234567890', 'price_id': 'price_monthly_premium'}</failure></testcase><testcase classname="tests.integrations.stripe.test_stripe_create_subscription.TestStripeCreateSubscription" name="test_real_api_authentication_error" time="0.000"><failure message="AttributeError: module 'stripe' has no attribute 'error'">tests/integrations/stripe/test_stripe_create_subscription.py:356: in test_real_api_authentication_error
    mock_stripe.Subscription.create.side_effect = stripe_module.error.AuthenticationError(
                                                  ^^^^^^^^^^^^^^^^^^^
E   AttributeError: module 'stripe' has no attribute 'error'
        mock_stripe = &lt;MagicMock name='stripe' id='4491246816'&gt;
        self       = &lt;test_stripe_create_subscription.TestStripeCreateSubscription object at 0x10b70d640&gt;
        stripe_module = &lt;module 'stripe' (namespace) from ['/Users/frank/Documents/Code/Genspark/agentswarm-tools/tests/integrations/stripe', '/Users/frank/Documents/Code/Genspark/agentswarm-tools/tests/integrations/stripe']&gt;
        valid_subscription_params = {'customer_id': 'cus_1234567890', 'price_id': 'price_monthly_premium'}</failure></testcase><testcase classname="tests.integrations.stripe.test_stripe_create_subscription.TestStripeCreateSubscription" name="test_missing_api_key" time="0.001" /><testcase classname="tests.integrations.stripe.test_stripe_create_subscription.TestStripeCreateSubscription" name="test_price_id_with_plan_prefix" time="0.001" /><testcase classname="tests.integrations.stripe.test_stripe_create_subscription.TestStripeCreateSubscription" name="test_metadata_persistence" time="0.001" /><testcase classname="tests.integrations.stripe.test_stripe_create_subscription.TestStripeCreateSubscription" name="test_concurrent_subscriptions" time="0.001" /><testcase classname="tests.integrations.stripe.test_stripe_create_subscription.TestStripeCreateSubscription" name="test_edge_case_minimum_trial_period" time="0.001" /><testcase classname="tests.integrations.stripe.test_stripe_create_subscription.TestStripeCreateSubscription" name="test_edge_case_maximum_trial_period" time="0.001" /><testcase classname="tests.integrations.stripe.test_stripe_create_subscription.TestStripeCreateSubscription" name="test_edge_case_minimum_quantity" time="0.000" /><testcase classname="tests.integrations.stripe.test_stripe_create_subscription.TestStripeCreateSubscription" name="test_edge_case_maximum_quantity" time="0.000" /><testcase classname="tests.integrations.stripe.test_stripe_get_invoices.TestStripeGetInvoices" name="test_initialization" time="0.000" /><testcase classname="tests.integrations.stripe.test_stripe_get_invoices.TestStripeGetInvoices" name="test_mock_mode_get_all_invoices" time="0.001" /><testcase classname="tests.integrations.stripe.test_stripe_get_invoices.TestStripeGetInvoices" name="test_mock_mode_filter_by_customer" time="0.001" /><testcase classname="tests.integrations.stripe.test_stripe_get_invoices.TestStripeGetInvoices" name="test_mock_mode_filter_by_status_paid" time="0.001" /><testcase classname="tests.integrations.stripe.test_stripe_get_invoices.TestStripeGetInvoices" name="test_mock_mode_filter_by_status_open" time="0.001" /><testcase classname="tests.integrations.stripe.test_stripe_get_invoices.TestStripeGetInvoices" name="test_mock_mode_filter_by_subscription" time="0.000" /><testcase classname="tests.integrations.stripe.test_stripe_get_invoices.TestStripeGetInvoices" name="test_mock_mode_include_total_count" time="0.000" /><testcase classname="tests.integrations.stripe.test_stripe_get_invoices.TestStripeGetInvoices" name="test_invoice_data_structure" time="0.000" /><testcase classname="tests.integrations.stripe.test_stripe_get_invoices.TestStripeGetInvoices" name="test_validation_invalid_status" time="0.001" /><testcase classname="tests.integrations.stripe.test_stripe_get_invoices.TestStripeGetInvoices" name="test_validation_all_valid_statuses" time="0.002" /><testcase classname="tests.integrations.stripe.test_stripe_get_invoices.TestStripeGetInvoices" name="test_validation_conflicting_pagination" time="0.000" /><testcase classname="tests.integrations.stripe.test_stripe_get_invoices.TestStripeGetInvoices" name="test_validation_invalid_date_ranges" time="0.001" /><testcase classname="tests.integrations.stripe.test_stripe_get_invoices.TestStripeGetInvoices" name="test_validation_invalid_customer_id" time="0.001" /><testcase classname="tests.integrations.stripe.test_stripe_get_invoices.TestStripeGetInvoices" name="test_validation_invalid_subscription_id" time="0.000" /><testcase classname="tests.integrations.stripe.test_stripe_get_invoices.TestStripeGetInvoices" name="test_validation_invalid_invoice_id_formats" time="0.001" /><testcase classname="tests.integrations.stripe.test_stripe_get_invoices.TestStripeGetInvoices" name="test_date_range_filtering" time="0.001" /><testcase classname="tests.integrations.stripe.test_stripe_get_invoices.TestStripeGetInvoices" name="test_due_date_filtering" time="0.001" /><testcase classname="tests.integrations.stripe.test_stripe_get_invoices.TestStripeGetInvoices" name="test_combined_filters" time="0.001" /><testcase classname="tests.integrations.stripe.test_stripe_get_invoices.TestStripeGetInvoices" name="test_pagination_workflow" time="0.001" /><testcase classname="tests.integrations.stripe.test_stripe_get_invoices.TestStripeGetInvoices" name="test_edge_case_minimum_limit" time="0.000" /><testcase classname="tests.integrations.stripe.test_stripe_get_invoices.TestStripeGetInvoices" name="test_edge_case_maximum_limit" time="0.001" /><testcase classname="tests.integrations.stripe.test_stripe_get_invoices.TestStripeGetInvoices" name="test_validation_invalid_limit_values" time="0.000" /><testcase classname="tests.integrations.stripe.test_stripe_get_invoices.TestStripeGetInvoices" name="test_real_api_success" time="0.001" /><testcase classname="tests.integrations.stripe.test_stripe_get_invoices.TestStripeGetInvoices" name="test_real_api_with_filters" time="0.001" /><testcase classname="tests.integrations.stripe.test_stripe_get_invoices.TestStripeGetInvoices" name="test_missing_api_key" time="0.001" /><testcase classname="tests.integrations.stripe.test_stripe_get_invoices.TestStripeGetInvoices" name="test_concurrent_invoice_retrievals" time="0.002" /><testcase classname="tests.integrations.stripe.test_stripe_handle_webhooks.TestStripeHandleWebhooks" name="test_initialization" time="0.000" /><testcase classname="tests.integrations.stripe.test_stripe_handle_webhooks.TestStripeHandleWebhooks" name="test_mock_mode_payment_intent_succeeded" time="0.001" /><testcase classname="tests.integrations.stripe.test_stripe_handle_webhooks.TestStripeHandleWebhooks" name="test_mock_mode_customer_created" time="0.001" /><testcase classname="tests.integrations.stripe.test_stripe_handle_webhooks.TestStripeHandleWebhooks" name="test_mock_mode_invoice_paid" time="0.001" /><testcase classname="tests.integrations.stripe.test_stripe_handle_webhooks.TestStripeHandleWebhooks" name="test_event_type_whitelist_allowed" time="0.001" /><testcase classname="tests.integrations.stripe.test_stripe_handle_webhooks.TestStripeHandleWebhooks" name="test_event_type_whitelist_blocked" time="0.001" /><testcase classname="tests.integrations.stripe.test_stripe_handle_webhooks.TestStripeHandleWebhooks" name="test_validation_invalid_json" time="0.001" /><testcase classname="tests.integrations.stripe.test_stripe_handle_webhooks.TestStripeHandleWebhooks" name="test_validation_missing_required_fields" time="0.001" /><testcase classname="tests.integrations.stripe.test_stripe_handle_webhooks.TestStripeHandleWebhooks" name="test_validation_invalid_event_id_format" time="0.001" /><testcase classname="tests.integrations.stripe.test_stripe_handle_webhooks.TestStripeHandleWebhooks" name="test_validation_invalid_data_structure" time="0.001" /><testcase classname="tests.integrations.stripe.test_stripe_handle_webhooks.TestStripeHandleWebhooks" name="test_signature_verification_valid" time="0.001" /><testcase classname="tests.integrations.stripe.test_stripe_handle_webhooks.TestStripeHandleWebhooks" name="test_signature_verification_invalid_signature" time="0.001" /><testcase classname="tests.integrations.stripe.test_stripe_handle_webhooks.TestStripeHandleWebhooks" name="test_signature_verification_replay_attack_protection" time="0.001" /><testcase classname="tests.integrations.stripe.test_stripe_handle_webhooks.TestStripeHandleWebhooks" name="test_signature_verification_custom_tolerance" time="0.001" /><testcase classname="tests.integrations.stripe.test_stripe_handle_webhooks.TestStripeHandleWebhooks" name="test_signature_verification_invalid_header_format" time="0.001" /><testcase classname="tests.integrations.stripe.test_stripe_handle_webhooks.TestStripeHandleWebhooks" name="test_signature_verification_missing_timestamp" time="0.001" /><testcase classname="tests.integrations.stripe.test_stripe_handle_webhooks.TestStripeHandleWebhooks" name="test_missing_webhook_secret" time="0.001" /><testcase classname="tests.integrations.stripe.test_stripe_handle_webhooks.TestStripeHandleWebhooks" name="test_webhook_secret_parameter" time="0.001" /><testcase classname="tests.integrations.stripe.test_stripe_handle_webhooks.TestStripeHandleWebhooks" name="test_event_data_extraction" time="0.000" /><testcase classname="tests.integrations.stripe.test_stripe_handle_webhooks.TestStripeHandleWebhooks" name="test_all_common_event_types" time="0.000" /><testcase classname="tests.integrations.stripe.test_stripe_handle_webhooks.TestStripeHandleWebhooks" name="test_bytes_payload" time="0.000" /><testcase classname="tests.integrations.stripe.test_stripe_handle_webhooks.TestStripeHandleWebhooks" name="test_skip_validation_warning" time="0.000"><failure message="Failed: DID NOT WARN. No warnings of type (&lt;class 'Warning'&gt;,) were emitted.&#10; Emitted warnings: [].">tests/integrations/stripe/test_stripe_handle_webhooks.py:443: in test_skip_validation_warning
    with pytest.warns(Warning):
         ^^^^^^^^^^^^^^^^^^^^^
E   Failed: DID NOT WARN. No warnings of type (&lt;class 'Warning'&gt;,) were emitted.
E    Emitted warnings: [].
        self       = &lt;test_stripe_handle_webhooks.TestStripeHandleWebhooks object at 0x10b76ab70&gt;
        tool       = StripeHandleWebhooks(tool_name='stripe_handle_webhooks', tool_category='integrations', rate_limit_type='default', rate_limit_cost=1, max_retries=3, retry_delay=1.0, enable_cache=False, cache_ttl=3600, cache_key_params=None, payload='{"id": "evt_test_123", "type": "payment_intent.succeeded", "data": {"object": {"id": "pi_test_123", "amount": 2000, "currency": "usd", "status": "succeeded"}}, "created": 1763970427, "livemode": false, "api_version": "2023-10-16"}', signature_header='t=123,v1=sig', webhook_secret=None, event_types=None, skip_signature_validation=True, tolerance=300)
        valid_webhook_event = {'api_version': '2023-10-16',
 'created': 1763970427,
 'data': {'object': {'amount': 2000,
                     'currency': 'usd',
                     'id': 'pi_test_123',
                     'status': 'succeeded'}},
 'id': 'evt_test_123',
 'livemode': False,
 'type': 'payment_intent.succeeded'}</failure></testcase><testcase classname="tests.integrations.stripe.test_stripe_handle_webhooks.TestStripeHandleWebhooks" name="test_tolerance_edge_cases" time="0.001" /><testcase classname="tests.integrations.stripe.test_stripe_handle_webhooks.TestStripeHandleWebhooks" name="test_validation_invalid_tolerance" time="0.000" /><testcase classname="tests.integrations.stripe.test_stripe_list_customers.TestStripeListCustomers" name="test_initialization" time="0.000" /><testcase classname="tests.integrations.stripe.test_stripe_list_customers.TestStripeListCustomers" name="test_mock_mode_list_all_customers" time="0.001" /><testcase classname="tests.integrations.stripe.test_stripe_list_customers.TestStripeListCustomers" name="test_mock_mode_filter_by_email" time="0.001" /><testcase classname="tests.integrations.stripe.test_stripe_list_customers.TestStripeListCustomers" name="test_mock_mode_custom_limit" time="0.000" /><testcase classname="tests.integrations.stripe.test_stripe_list_customers.TestStripeListCustomers" name="test_mock_mode_date_range_filtering" time="0.000" /><testcase classname="tests.integrations.stripe.test_stripe_list_customers.TestStripeListCustomers" name="test_mock_mode_metadata_filtering" time="0.000" /><testcase classname="tests.integrations.stripe.test_stripe_list_customers.TestStripeListCustomers" name="test_mock_mode_pagination_starting_after" time="0.001" /><testcase classname="tests.integrations.stripe.test_stripe_list_customers.TestStripeListCustomers" name="test_mock_mode_pagination_ending_before" time="0.001" /><testcase classname="tests.integrations.stripe.test_stripe_list_customers.TestStripeListCustomers" name="test_validation_invalid_email_format" time="0.000" /><testcase classname="tests.integrations.stripe.test_stripe_list_customers.TestStripeListCustomers" name="test_validation_conflicting_pagination" time="0.001" /><testcase classname="tests.integrations.stripe.test_stripe_list_customers.TestStripeListCustomers" name="test_validation_invalid_date_range" time="0.001" /><testcase classname="tests.integrations.stripe.test_stripe_list_customers.TestStripeListCustomers" name="test_validation_invalid_starting_after_format" time="0.001" /><testcase classname="tests.integrations.stripe.test_stripe_list_customers.TestStripeListCustomers" name="test_validation_invalid_ending_before_format" time="0.001" /><testcase classname="tests.integrations.stripe.test_stripe_list_customers.TestStripeListCustomers" name="test_validation_invalid_limit_too_small" time="0.000" /><testcase classname="tests.integrations.stripe.test_stripe_list_customers.TestStripeListCustomers" name="test_validation_invalid_limit_too_large" time="0.000" /><testcase classname="tests.integrations.stripe.test_stripe_list_customers.TestStripeListCustomers" name="test_customer_data_structure" time="0.001" /><testcase classname="tests.integrations.stripe.test_stripe_list_customers.TestStripeListCustomers" name="test_filters_applied_metadata" time="0.001" /><testcase classname="tests.integrations.stripe.test_stripe_list_customers.TestStripeListCustomers" name="test_include_deleted_customers" time="0.001" /><testcase classname="tests.integrations.stripe.test_stripe_list_customers.TestStripeListCustomers" name="test_edge_case_minimum_limit" time="0.000" /><testcase classname="tests.integrations.stripe.test_stripe_list_customers.TestStripeListCustomers" name="test_edge_case_maximum_limit" time="0.000" /><testcase classname="tests.integrations.stripe.test_stripe_list_customers.TestStripeListCustomers" name="test_combined_filters" time="0.001" /><testcase classname="tests.integrations.stripe.test_stripe_list_customers.TestStripeListCustomers" name="test_real_api_success" time="0.001" /><testcase classname="tests.integrations.stripe.test_stripe_list_customers.TestStripeListCustomers" name="test_real_api_with_email_filter" time="0.001" /><testcase classname="tests.integrations.stripe.test_stripe_list_customers.TestStripeListCustomers" name="test_real_api_invalid_request_error" time="0.000"><failure message="AttributeError: module 'stripe' has no attribute 'error'">tests/integrations/stripe/test_stripe_list_customers.py:294: in test_real_api_invalid_request_error
    mock_stripe.Customer.list.side_effect = stripe_module.error.InvalidRequestError(
                                            ^^^^^^^^^^^^^^^^^^^
E   AttributeError: module 'stripe' has no attribute 'error'
        mock_stripe = &lt;MagicMock name='stripe' id='4491238608'&gt;
        self       = &lt;test_stripe_list_customers.TestStripeListCustomers object at 0x10b7ab470&gt;
        stripe_module = &lt;module 'stripe' (namespace) from ['/Users/frank/Documents/Code/Genspark/agentswarm-tools/tests/integrations/stripe', '/Users/frank/Documents/Code/Genspark/agentswarm-tools/tests/integrations/stripe']&gt;</failure></testcase><testcase classname="tests.integrations.stripe.test_stripe_list_customers.TestStripeListCustomers" name="test_real_api_authentication_error" time="0.000"><failure message="AttributeError: module 'stripe' has no attribute 'error'">tests/integrations/stripe/test_stripe_list_customers.py:316: in test_real_api_authentication_error
    mock_stripe.Customer.list.side_effect = stripe_module.error.AuthenticationError(
                                            ^^^^^^^^^^^^^^^^^^^
E   AttributeError: module 'stripe' has no attribute 'error'
        mock_stripe = &lt;MagicMock name='stripe' id='4491244464'&gt;
        self       = &lt;test_stripe_list_customers.TestStripeListCustomers object at 0x10b7ab080&gt;
        stripe_module = &lt;module 'stripe' (namespace) from ['/Users/frank/Documents/Code/Genspark/agentswarm-tools/tests/integrations/stripe', '/Users/frank/Documents/Code/Genspark/agentswarm-tools/tests/integrations/stripe']&gt;</failure></testcase><testcase classname="tests.integrations.stripe.test_stripe_list_customers.TestStripeListCustomers" name="test_missing_api_key" time="0.001" /><testcase classname="tests.integrations.stripe.test_stripe_list_customers.TestStripeListCustomers" name="test_metadata_matching_logic" time="0.000" /><testcase classname="tests.integrations.stripe.test_stripe_list_customers.TestStripeListCustomers" name="test_empty_result_set" time="0.000" /><testcase classname="tests.integrations.stripe.test_stripe_list_customers.TestStripeListCustomers" name="test_pagination_workflow" time="0.000" /><testcase classname="tests.integrations.stripe.test_stripe_list_customers.TestStripeListCustomers" name="test_date_filtering_combinations" time="0.001" /><testcase classname="tests.integrations.stripe.test_stripe_list_customers.TestStripeListCustomers" name="test_concurrent_customer_listings" time="0.001" /><testcase classname="tests.integrations.supabase.test_supabase_auth.TestSupabaseAuthValidation" name="test_sign_up_requires_email" time="0.001" /><testcase classname="tests.integrations.supabase.test_supabase_auth.TestSupabaseAuthValidation" name="test_sign_up_requires_password" time="0.001" /><testcase classname="tests.integrations.supabase.test_supabase_auth.TestSupabaseAuthValidation" name="test_weak_password" time="0.000"><failure message="pydantic_core._pydantic_core.ValidationError: 1 validation error for SupabaseAuth&#10;password&#10;  String should have at least 6 characters [type=string_too_short, input_value='123', input_type=str]&#10;    For further information visit https://errors.pydantic.dev/2.12/v/string_too_short">tests/integrations/supabase/test_supabase_auth.py:36: in test_weak_password
    tool = SupabaseAuth(action="sign_up", email="user@example.com", password="123")
           ^^^^^^^^^^^^^^^^^^^^^^^^^^^^^^^^^^^^^^^^^^^^^^^^^^^^^^^^^^^^^^^^^^^^^^^^
        self       = &lt;supabase.test_supabase_auth.TestSupabaseAuthValidation object at 0x10b7c1490&gt;
shared/base.py:106: in __init__
    super().__init__(**data)
        __class__  = &lt;class 'shared.base.BaseTool'&gt;
        data       = {'action': 'sign_up', 'email': 'user@example.com', 'password': '123'}
        self       = SupabaseAuth()
.venv312/lib/python3.12/site-packages/agency_swarm/tools/base_tool.py:36: in __init__
    super().__init__(**kwargs)
E   pydantic_core._pydantic_core.ValidationError: 1 validation error for SupabaseAuth
E   password
E     String should have at least 6 characters [type=string_too_short, input_value='123', input_type=str]
E       For further information visit https://errors.pydantic.dev/2.12/v/string_too_short
        __class__  = &lt;class 'agency_swarm.tools.base_tool.BaseTool'&gt;
        kwargs     = {'action': 'sign_up', 'email': 'user@example.com', 'password': '123'}
        self       = SupabaseAuth()</failure></testcase><testcase classname="tests.integrations.supabase.test_supabase_auth.TestSupabaseAuthValidation" name="test_invalid_email" time="0.000"><failure message="pydantic_core._pydantic_core.ValidationError: 1 validation error for SupabaseAuth&#10;email&#10;  String should match pattern '^[\w\.-]+@[\w\.-]+\.\w+$' [type=string_pattern_mismatch, input_value='invalid', input_type=str]&#10;    For further information visit https://errors.pydantic.dev/2.12/v/string_pattern_mismatch">tests/integrations/supabase/test_supabase_auth.py:42: in test_invalid_email
    tool = SupabaseAuth(action="sign_up", email="invalid", password="Pass123!")
           ^^^^^^^^^^^^^^^^^^^^^^^^^^^^^^^^^^^^^^^^^^^^^^^^^^^^^^^^^^^^^^^^^^^^
        self       = &lt;supabase.test_supabase_auth.TestSupabaseAuthValidation object at 0x10b7c1850&gt;
shared/base.py:106: in __init__
    super().__init__(**data)
        __class__  = &lt;class 'shared.base.BaseTool'&gt;
        data       = {'action': 'sign_up', 'email': 'invalid', 'password': 'Pass123!'}
        self       = SupabaseAuth()
.venv312/lib/python3.12/site-packages/agency_swarm/tools/base_tool.py:36: in __init__
    super().__init__(**kwargs)
E   pydantic_core._pydantic_core.ValidationError: 1 validation error for SupabaseAuth
E   email
E     String should match pattern '^[\w\.-]+@[\w\.-]+\.\w+$' [type=string_pattern_mismatch, input_value='invalid', input_type=str]
E       For further information visit https://errors.pydantic.dev/2.12/v/string_pattern_mismatch
        __class__  = &lt;class 'agency_swarm.tools.base_tool.BaseTool'&gt;
        kwargs     = {'action': 'sign_up', 'email': 'invalid', 'password': 'Pass123!'}
        self       = SupabaseAuth()</failure></testcase><testcase classname="tests.integrations.supabase.test_supabase_auth.TestSupabaseAuthValidation" name="test_verify_token_requires_token" time="0.001" /><testcase classname="tests.integrations.supabase.test_supabase_auth.TestSupabaseAuthMockMode" name="test_sign_up" time="0.001" /><testcase classname="tests.integrations.supabase.test_supabase_auth.TestSupabaseAuthMockMode" name="test_sign_in" time="0.001" /><testcase classname="tests.integrations.supabase.test_supabase_auth.TestSupabaseAuthMockMode" name="test_sign_out" time="0.001" /><testcase classname="tests.integrations.supabase.test_supabase_auth.TestSupabaseAuthMockMode" name="test_verify_token" time="0.001" /><testcase classname="tests.integrations.supabase.test_supabase_auth.TestSupabaseAuthMockMode" name="test_reset_password" time="0.001" /><testcase classname="tests.integrations.supabase.test_supabase_auth.TestSupabaseAuthMockMode" name="test_get_session" time="0.001" /><testcase classname="tests.integrations.supabase.test_supabase_auth.TestSupabaseAuthFeatures" name="test_sign_up_with_metadata" time="0.001" /><testcase classname="tests.integrations.supabase.test_supabase_auth.TestSupabaseAuthFeatures" name="test_sign_up_with_redirect" time="0.001" /><testcase classname="tests.integrations.supabase.test_supabase_auth.TestSupabaseAuthFeatures" name="test_reset_password_with_redirect" time="0.001" /><testcase classname="tests.integrations.supabase.test_supabase_insert_embeddings.TestSupabaseInsertEmbeddingsValidation" name="test_valid_parameters" time="0.001" /><testcase classname="tests.integrations.supabase.test_supabase_insert_embeddings.TestSupabaseInsertEmbeddingsValidation" name="test_empty_table_name" time="0.000"><failure message="assert 'table name' in &quot;1 validation error for supabaseinsertembeddings\ntable_name\n  string should have at least 1 character [type=string_too_short, input_value='', input_type=str]\n    for further information visit https://errors.pydantic.dev/2.12/v/string_too_short&quot;&#10; +  where &quot;1 validation error for supabaseinsertembeddings\ntable_name\n  string should have at least 1 character [type=string_too_short, input_value='', input_type=str]\n    for further information visit https://errors.pydantic.dev/2.12/v/string_too_short&quot; = &lt;built-in method lower of str object at 0x10b5f7750&gt;()&#10; +    where &lt;built-in method lower of str object at 0x10b5f7750&gt; = &quot;1 validation error for SupabaseInsertEmbeddings\ntable_name\n  String should have at least 1 character [type=string_too_short, input_value='', input_type=str]\n    For further information visit https://errors.pydantic.dev/2.12/v/string_too_short&quot;.lower&#10; +      where &quot;1 validation error for SupabaseInsertEmbeddings\ntable_name\n  String should have at least 1 character [type=string_too_short, input_value='', input_type=str]\n    For further information visit https://errors.pydantic.dev/2.12/v/string_too_short&quot; = str(1 validation error for SupabaseInsertEmbeddings\ntable_name\n  String should have at least 1 character [type=string_too_short, input_value='', input_type=str]\n    For further information visit https://errors.pydantic.dev/2.12/v/string_too_short)&#10; +        where 1 validation error for SupabaseInsertEmbeddings\ntable_name\n  String should have at least 1 character [type=string_too_short, input_value='', input_type=str]\n    For further information visit https://errors.pydantic.dev/2.12/v/string_too_short = &lt;ExceptionInfo 1 validation error for SupabaseInsertEmbeddings\ntable_name\n  String should have at least 1 character [type=string_too_..., input_value='', input_type=str]\n    For further information visit https://errors.pydantic.dev/2.12/v/string_too_short tblen=4&gt;.value">tests/integrations/supabase/test_supabase_insert_embeddings.py:42: in test_empty_table_name
    assert "table name" in str(exc.value).lower()
E   assert 'table name' in "1 validation error for supabaseinsertembeddings\ntable_name\n  string should have at least 1 character [type=string_too_short, input_value='', input_type=str]\n    for further information visit https://errors.pydantic.dev/2.12/v/string_too_short"
E    +  where "1 validation error for supabaseinsertembeddings\ntable_name\n  string should have at least 1 character [type=string_too_short, input_value='', input_type=str]\n    for further information visit https://errors.pydantic.dev/2.12/v/string_too_short" = &lt;built-in method lower of str object at 0x10b5f7750&gt;()
E    +    where &lt;built-in method lower of str object at 0x10b5f7750&gt; = "1 validation error for SupabaseInsertEmbeddings\ntable_name\n  String should have at least 1 character [type=string_too_short, input_value='', input_type=str]\n    For further information visit https://errors.pydantic.dev/2.12/v/string_too_short".lower
E    +      where "1 validation error for SupabaseInsertEmbeddings\ntable_name\n  String should have at least 1 character [type=string_too_short, input_value='', input_type=str]\n    For further information visit https://errors.pydantic.dev/2.12/v/string_too_short" = str(1 validation error for SupabaseInsertEmbeddings\ntable_name\n  String should have at least 1 character [type=string_too_short, input_value='', input_type=str]\n    For further information visit https://errors.pydantic.dev/2.12/v/string_too_short)
E    +        where 1 validation error for SupabaseInsertEmbeddings\ntable_name\n  String should have at least 1 character [type=string_too_short, input_value='', input_type=str]\n    For further information visit https://errors.pydantic.dev/2.12/v/string_too_short = &lt;ExceptionInfo 1 validation error for SupabaseInsertEmbeddings\ntable_name\n  String should have at least 1 character [type=string_too_..., input_value='', input_type=str]\n    For further information visit https://errors.pydantic.dev/2.12/v/string_too_short tblen=4&gt;.value
        exc        = &lt;ExceptionInfo 1 validation error for SupabaseInsertEmbeddings
table_name
  String should have at least 1 character [type=string_too_..., input_value='', input_type=str]
    For further information visit https://errors.pydantic.dev/2.12/v/string_too_short tblen=4&gt;
        self       = &lt;supabase.test_supabase_insert_embeddings.TestSupabaseInsertEmbeddingsValidation object at 0x10b7c08c0&gt;</failure></testcase><testcase classname="tests.integrations.supabase.test_supabase_insert_embeddings.TestSupabaseInsertEmbeddingsValidation" name="test_empty_embeddings_list" time="0.000" /><testcase classname="tests.integrations.supabase.test_supabase_insert_embeddings.TestSupabaseInsertEmbeddingsValidation" name="test_missing_id_field" time="0.001" /><testcase classname="tests.integrations.supabase.test_supabase_insert_embeddings.TestSupabaseInsertEmbeddingsValidation" name="test_missing_embedding_field" time="0.001" /><testcase classname="tests.integrations.supabase.test_supabase_insert_embeddings.TestSupabaseInsertEmbeddingsValidation" name="test_dimension_mismatch" time="0.001" /><testcase classname="tests.integrations.supabase.test_supabase_insert_embeddings.TestSupabaseInsertEmbeddingsValidation" name="test_invalid_embedding_type" time="0.001" /><testcase classname="tests.integrations.supabase.test_supabase_insert_embeddings.TestSupabaseInsertEmbeddingsMockMode" name="test_mock_single_insert" time="0.001" /><testcase classname="tests.integrations.supabase.test_supabase_insert_embeddings.TestSupabaseInsertEmbeddingsMockMode" name="test_mock_batch_insert" time="0.005" /><testcase classname="tests.integrations.supabase.test_supabase_insert_embeddings.TestSupabaseInsertEmbeddingsMockMode" name="test_mock_upsert" time="0.001" /><testcase classname="tests.integrations.supabase.test_supabase_insert_embeddings.TestSupabaseInsertEmbeddingsMockMode" name="test_mock_dimension_validation" time="0.001" /><testcase classname="tests.integrations.supabase.test_supabase_insert_embeddings.TestSupabaseInsertEmbeddingsBatchProcessing" name="test_small_batch" time="0.001" /><testcase classname="tests.integrations.supabase.test_supabase_insert_embeddings.TestSupabaseInsertEmbeddingsBatchProcessing" name="test_large_batch" time="0.001" /><testcase classname="tests.integrations.supabase.test_supabase_insert_embeddings.TestSupabaseInsertEmbeddingsBatchProcessing" name="test_max_batch_size" time="0.006" /><testcase classname="tests.integrations.supabase.test_supabase_insert_embeddings.TestSupabaseInsertEmbeddingsDimensions" name="test_common_dimensions" time="0.003" /><testcase classname="tests.integrations.supabase.test_supabase_insert_embeddings.TestSupabaseInsertEmbeddingsDimensions" name="test_dimension_validation_disabled" time="0.001" /><testcase classname="tests.integrations.supabase.test_supabase_insert_embeddings.TestSupabaseInsertEmbeddingsMetadata" name="test_with_metadata" time="0.001" /><testcase classname="tests.integrations.supabase.test_supabase_insert_embeddings.TestSupabaseInsertEmbeddingsMetadata" name="test_without_metadata" time="0.001" /><testcase classname="tests.integrations.supabase.test_supabase_insert_embeddings.TestSupabaseInsertEmbeddingsMetadata" name="test_complex_metadata" time="0.001" /><testcase classname="tests.integrations.supabase.test_supabase_insert_embeddings.TestSupabaseInsertEmbeddingsEdgeCases" name="test_single_dimension_embedding" time="0.001" /><testcase classname="tests.integrations.supabase.test_supabase_insert_embeddings.TestSupabaseInsertEmbeddingsEdgeCases" name="test_very_large_embedding" time="0.001" /><testcase classname="tests.integrations.supabase.test_supabase_insert_embeddings.TestSupabaseInsertEmbeddingsEdgeCases" name="test_zero_values_embedding" time="0.001" /><testcase classname="tests.integrations.supabase.test_supabase_insert_embeddings.TestSupabaseInsertEmbeddingsEdgeCases" name="test_negative_values_embedding" time="0.001" /><testcase classname="tests.integrations.supabase.test_supabase_insert_embeddings.TestSupabaseInsertEmbeddingsIntegration" name="test_real_insert" time="0.000"><skipped type="pytest.skip" message="Supabase credentials not available">/Users/frank/Documents/Code/Genspark/agentswarm-tools/tests/integrations/supabase/test_supabase_insert_embeddings.py:411: Supabase credentials not available</skipped></testcase><testcase classname="tests.integrations.supabase.test_supabase_insert_embeddings" name="test_insert_embeddings_benchmark" time="0.000"><error message="failed on setup with &quot;file /Users/frank/Documents/Code/Genspark/agentswarm-tools/tests/integrations/supabase/test_supabase_insert_embeddings.py, line 433&#10;  def test_insert_embeddings_benchmark(benchmark):&#10;E       fixture 'benchmark' not found&#10;&gt;       available fixtures: _class_scoped_runner, _function_scoped_runner, _module_scoped_runner, _package_scoped_runner, _session_scoped_runner, anyio_backend, anyio_backend_name, anyio_backend_options, api_response_factory, api_validation_error, cache, capfd, capfdbinary, caplog, capsys, capsysbinary, capteesys, capture_analytics_events, class_mocker, cov, doctest_namespace, event_loop, event_loop_policy, free_tcp_port, free_tcp_port_factory, free_udp_port, free_udp_port_factory, mock_api_error_response, mock_api_success_response, mock_redis, mock_tool_params, mocker, module_mocker, monkeypatch, no_cover, package_mocker, pytestconfig, record_property, record_testsuite_property, record_xml_attribute, recwarn, reset_rate_limiter, sample_email_data, sample_file_metadata, sample_tool_config, session_mocker, subtests, temp_dir, temp_file, test_environment, testrun_uid, tmp_path, tmp_path_factory, tmpdir, tmpdir_factory, unused_tcp_port, unused_tcp_port_factory, unused_udp_port, unused_udp_port_factory, worker_id&#10;&gt;       use 'pytest --fixtures [testpath]' for help on them.&#10;&#10;/Users/frank/Documents/Code/Genspark/agentswarm-tools/tests/integrations/supabase/test_supabase_insert_embeddings.py:433&quot;">file /Users/frank/Documents/Code/Genspark/agentswarm-tools/tests/integrations/supabase/test_supabase_insert_embeddings.py, line 433
  def test_insert_embeddings_benchmark(benchmark):
E       fixture 'benchmark' not found
&gt;       available fixtures: _class_scoped_runner, _function_scoped_runner, _module_scoped_runner, _package_scoped_runner, _session_scoped_runner, anyio_backend, anyio_backend_name, anyio_backend_options, api_response_factory, api_validation_error, cache, capfd, capfdbinary, caplog, capsys, capsysbinary, capteesys, capture_analytics_events, class_mocker, cov, doctest_namespace, event_loop, event_loop_policy, free_tcp_port, free_tcp_port_factory, free_udp_port, free_udp_port_factory, mock_api_error_response, mock_api_success_response, mock_redis, mock_tool_params, mocker, module_mocker, monkeypatch, no_cover, package_mocker, pytestconfig, record_property, record_testsuite_property, record_xml_attribute, recwarn, reset_rate_limiter, sample_email_data, sample_file_metadata, sample_tool_config, session_mocker, subtests, temp_dir, temp_file, test_environment, testrun_uid, tmp_path, tmp_path_factory, tmpdir, tmpdir_factory, unused_tcp_port, unused_tcp_port_factory, unused_udp_port, unused_udp_port_factory, worker_id
&gt;       use 'pytest --fixtures [testpath]' for help on them.

/Users/frank/Documents/Code/Genspark/agentswarm-tools/tests/integrations/supabase/test_supabase_insert_embeddings.py:433</error></testcase><testcase classname="tests.integrations.supabase.test_supabase_vector_search.TestSupabaseVectorSearchValidation" name="test_valid_parameters" time="0.001" /><testcase classname="tests.integrations.supabase.test_supabase_vector_search.TestSupabaseVectorSearchValidation" name="test_empty_table_name" time="0.000"><failure message="assert 'table name' in &quot;1 validation error for supabasevectorsearch\ntable_name\n  string should have at least 1 character [type=string_too_short, input_value='', input_type=str]\n    for further information visit https://errors.pydantic.dev/2.12/v/string_too_short&quot;&#10; +  where &quot;1 validation error for supabasevectorsearch\ntable_name\n  string should have at least 1 character [type=string_too_short, input_value='', input_type=str]\n    for further information visit https://errors.pydantic.dev/2.12/v/string_too_short&quot; = &lt;built-in method lower of str object at 0x10bb3c030&gt;()&#10; +    where &lt;built-in method lower of str object at 0x10bb3c030&gt; = &quot;1 validation error for SupabaseVectorSearch\ntable_name\n  String should have at least 1 character [type=string_too_short, input_value='', input_type=str]\n    For further information visit https://errors.pydantic.dev/2.12/v/string_too_short&quot;.lower&#10; +      where &quot;1 validation error for SupabaseVectorSearch\ntable_name\n  String should have at least 1 character [type=string_too_short, input_value='', input_type=str]\n    For further information visit https://errors.pydantic.dev/2.12/v/string_too_short&quot; = str(1 validation error for SupabaseVectorSearch\ntable_name\n  String should have at least 1 character [type=string_too_short, input_value='', input_type=str]\n    For further information visit https://errors.pydantic.dev/2.12/v/string_too_short)&#10; +        where 1 validation error for SupabaseVectorSearch\ntable_name\n  String should have at least 1 character [type=string_too_short, input_value='', input_type=str]\n    For further information visit https://errors.pydantic.dev/2.12/v/string_too_short = &lt;ExceptionInfo 1 validation error for SupabaseVectorSearch\ntable_name\n  String should have at least 1 character [type=string_too_short, input_value='', input_type=str]\n    For further information visit https://errors.pydantic.dev/2.12/v/string_too_short tblen=4&gt;.value">tests/integrations/supabase/test_supabase_vector_search.py:44: in test_empty_table_name
    assert "table name" in str(exc.value).lower()
E   assert 'table name' in "1 validation error for supabasevectorsearch\ntable_name\n  string should have at least 1 character [type=string_too_short, input_value='', input_type=str]\n    for further information visit https://errors.pydantic.dev/2.12/v/string_too_short"
E    +  where "1 validation error for supabasevectorsearch\ntable_name\n  string should have at least 1 character [type=string_too_short, input_value='', input_type=str]\n    for further information visit https://errors.pydantic.dev/2.12/v/string_too_short" = &lt;built-in method lower of str object at 0x10bb3c030&gt;()
E    +    where &lt;built-in method lower of str object at 0x10bb3c030&gt; = "1 validation error for SupabaseVectorSearch\ntable_name\n  String should have at least 1 character [type=string_too_short, input_value='', input_type=str]\n    For further information visit https://errors.pydantic.dev/2.12/v/string_too_short".lower
E    +      where "1 validation error for SupabaseVectorSearch\ntable_name\n  String should have at least 1 character [type=string_too_short, input_value='', input_type=str]\n    For further information visit https://errors.pydantic.dev/2.12/v/string_too_short" = str(1 validation error for SupabaseVectorSearch\ntable_name\n  String should have at least 1 character [type=string_too_short, input_value='', input_type=str]\n    For further information visit https://errors.pydantic.dev/2.12/v/string_too_short)
E    +        where 1 validation error for SupabaseVectorSearch\ntable_name\n  String should have at least 1 character [type=string_too_short, input_value='', input_type=str]\n    For further information visit https://errors.pydantic.dev/2.12/v/string_too_short = &lt;ExceptionInfo 1 validation error for SupabaseVectorSearch\ntable_name\n  String should have at least 1 character [type=string_too_short, input_value='', input_type=str]\n    For further information visit https://errors.pydantic.dev/2.12/v/string_too_short tblen=4&gt;.value
        exc        = &lt;ExceptionInfo 1 validation error for SupabaseVectorSearch
table_name
  String should have at least 1 character [type=string_too_short, input_value='', input_type=str]
    For further information visit https://errors.pydantic.dev/2.12/v/string_too_short tblen=4&gt;
        self       = &lt;supabase.test_supabase_vector_search.TestSupabaseVectorSearchValidation object at 0x10b7cd460&gt;</failure></testcase><testcase classname="tests.integrations.supabase.test_supabase_vector_search.TestSupabaseVectorSearchValidation" name="test_empty_embedding" time="0.000" /><testcase classname="tests.integrations.supabase.test_supabase_vector_search.TestSupabaseVectorSearchValidation" name="test_invalid_embedding_type" time="0.000"><failure message="assert 'numeric' in &quot;1 validation error for supabasevectorsearch\nquery_embedding.1\n  input should be a valid number, unable to parse string as a number [type=float_parsing, input_value='invalid', input_type=str]\n    for further information visit https://errors.pydantic.dev/2.12/v/float_parsing&quot;&#10; +  where &quot;1 validation error for supabasevectorsearch\nquery_embedding.1\n  input should be a valid number, unable to parse string as a number [type=float_parsing, input_value='invalid', input_type=str]\n    for further information visit https://errors.pydantic.dev/2.12/v/float_parsing&quot; = &lt;built-in method lower of str object at 0x10bb94b70&gt;()&#10; +    where &lt;built-in method lower of str object at 0x10bb94b70&gt; = &quot;1 validation error for SupabaseVectorSearch\nquery_embedding.1\n  Input should be a valid number, unable to parse string as a number [type=float_parsing, input_value='invalid', input_type=str]\n    For further information visit https://errors.pydantic.dev/2.12/v/float_parsing&quot;.lower&#10; +      where &quot;1 validation error for SupabaseVectorSearch\nquery_embedding.1\n  Input should be a valid number, unable to parse string as a number [type=float_parsing, input_value='invalid', input_type=str]\n    For further information visit https://errors.pydantic.dev/2.12/v/float_parsing&quot; = str(1 validation error for SupabaseVectorSearch\nquery_embedding.1\n  Input should be a valid number, unable to parse string as a number [type=float_parsing, input_value='invalid', input_type=str]\n    For further information visit https://errors.pydantic.dev/2.12/v/float_parsing)&#10; +        where 1 validation error for SupabaseVectorSearch\nquery_embedding.1\n  Input should be a valid number, unable to parse string as a number [type=float_parsing, input_value='invalid', input_type=str]\n    For further information visit https://errors.pydantic.dev/2.12/v/float_parsing = &lt;ExceptionInfo 1 validation error for SupabaseVectorSearch\nquery_embedding.1\n  Input should be a valid number, unable to parse string...put_value='invalid', input_type=str]\n    For further information visit https://errors.pydantic.dev/2.12/v/float_parsing tblen=4&gt;.value">tests/integrations/supabase/test_supabase_vector_search.py:64: in test_invalid_embedding_type
    assert "numeric" in str(exc.value).lower()
E   assert 'numeric' in "1 validation error for supabasevectorsearch\nquery_embedding.1\n  input should be a valid number, unable to parse string as a number [type=float_parsing, input_value='invalid', input_type=str]\n    for further information visit https://errors.pydantic.dev/2.12/v/float_parsing"
E    +  where "1 validation error for supabasevectorsearch\nquery_embedding.1\n  input should be a valid number, unable to parse string as a number [type=float_parsing, input_value='invalid', input_type=str]\n    for further information visit https://errors.pydantic.dev/2.12/v/float_parsing" = &lt;built-in method lower of str object at 0x10bb94b70&gt;()
E    +    where &lt;built-in method lower of str object at 0x10bb94b70&gt; = "1 validation error for SupabaseVectorSearch\nquery_embedding.1\n  Input should be a valid number, unable to parse string as a number [type=float_parsing, input_value='invalid', input_type=str]\n    For further information visit https://errors.pydantic.dev/2.12/v/float_parsing".lower
E    +      where "1 validation error for SupabaseVectorSearch\nquery_embedding.1\n  Input should be a valid number, unable to parse string as a number [type=float_parsing, input_value='invalid', input_type=str]\n    For further information visit https://errors.pydantic.dev/2.12/v/float_parsing" = str(1 validation error for SupabaseVectorSearch\nquery_embedding.1\n  Input should be a valid number, unable to parse string as a number [type=float_parsing, input_value='invalid', input_type=str]\n    For further information visit https://errors.pydantic.dev/2.12/v/float_parsing)
E    +        where 1 validation error for SupabaseVectorSearch\nquery_embedding.1\n  Input should be a valid number, unable to parse string as a number [type=float_parsing, input_value='invalid', input_type=str]\n    For further information visit https://errors.pydantic.dev/2.12/v/float_parsing = &lt;ExceptionInfo 1 validation error for SupabaseVectorSearch\nquery_embedding.1\n  Input should be a valid number, unable to parse string...put_value='invalid', input_type=str]\n    For further information visit https://errors.pydantic.dev/2.12/v/float_parsing tblen=4&gt;.value
        exc        = &lt;ExceptionInfo 1 validation error for SupabaseVectorSearch
query_embedding.1
  Input should be a valid number, unable to parse string...put_value='invalid', input_type=str]
    For further information visit https://errors.pydantic.dev/2.12/v/float_parsing tblen=4&gt;
        self       = &lt;supabase.test_supabase_vector_search.TestSupabaseVectorSearchValidation object at 0x10b7cce90&gt;</failure></testcase><testcase classname="tests.integrations.supabase.test_supabase_vector_search.TestSupabaseVectorSearchValidation" name="test_invalid_filter_type" time="0.000" /><testcase classname="tests.integrations.supabase.test_supabase_vector_search.TestSupabaseVectorSearchValidation" name="test_common_embedding_dimensions" time="0.003" /><testcase classname="tests.integrations.supabase.test_supabase_vector_search.TestSupabaseVectorSearchMockMode" name="test_mock_basic_search" time="0.001" /><testcase classname="tests.integrations.supabase.test_supabase_vector_search.TestSupabaseVectorSearchMockMode" name="test_mock_with_filter" time="0.001" /><testcase classname="tests.integrations.supabase.test_supabase_vector_search.TestSupabaseVectorSearchMockMode" name="test_mock_l2_metric" time="0.001" /><testcase classname="tests.integrations.supabase.test_supabase_vector_search.TestSupabaseVectorSearchMockMode" name="test_mock_inner_product" time="0.001" /><testcase classname="tests.integrations.supabase.test_supabase_vector_search.TestSupabaseVectorSearchMockMode" name="test_mock_no_metadata" time="0.001" /><testcase classname="tests.integrations.supabase.test_supabase_vector_search.TestSupabaseVectorSearchMockMode" name="test_mock_high_threshold" time="0.001" /><testcase classname="tests.integrations.supabase.test_supabase_vector_search.TestSupabaseVectorSearchDistanceMetrics" name="test_cosine_similarity_conversion" time="0.000" /><testcase classname="tests.integrations.supabase.test_supabase_vector_search.TestSupabaseVectorSearchDistanceMetrics" name="test_l2_similarity_conversion" time="0.000" /><testcase classname="tests.integrations.supabase.test_supabase_vector_search.TestSupabaseVectorSearchDistanceMetrics" name="test_inner_product_passthrough" time="0.000" /><testcase classname="tests.integrations.supabase.test_supabase_vector_search.TestSupabaseVectorSearchIntegration" name="test_real_vector_search" time="0.000"><skipped type="pytest.skip" message="Supabase credentials not available">/Users/frank/Documents/Code/Genspark/agentswarm-tools/tests/integrations/supabase/test_supabase_vector_search.py:237: Supabase credentials not available</skipped></testcase><testcase classname="tests.integrations.supabase.test_supabase_vector_search.TestSupabaseVectorSearchIntegration" name="test_real_search_with_filter" time="0.000"><skipped type="pytest.skip" message="Supabase credentials not available">/Users/frank/Documents/Code/Genspark/agentswarm-tools/tests/integrations/supabase/test_supabase_vector_search.py:253: Supabase credentials not available</skipped></testcase><testcase classname="tests.integrations.supabase.test_supabase_vector_search.TestSupabaseVectorSearchEdgeCases" name="test_zero_match_count" time="0.000" /><testcase classname="tests.integrations.supabase.test_supabase_vector_search.TestSupabaseVectorSearchEdgeCases" name="test_negative_threshold" time="0.000" /><testcase classname="tests.integrations.supabase.test_supabase_vector_search.TestSupabaseVectorSearchEdgeCases" name="test_threshold_above_one" time="0.000" /><testcase classname="tests.integrations.supabase.test_supabase_vector_search.TestSupabaseVectorSearchEdgeCases" name="test_very_large_embedding" time="0.001" /><testcase classname="tests.integrations.supabase.test_supabase_vector_search.TestSupabaseVectorSearchEdgeCases" name="test_single_dimension_embedding" time="0.001" /><testcase classname="tests.integrations.supabase.test_supabase_vector_search.TestSupabaseVectorSearchEdgeCases" name="test_custom_rpc_function" time="0.001" /><testcase classname="tests.integrations.supabase.test_supabase_vector_search.TestSupabaseVectorSearchEdgeCases" name="test_custom_embedding_column" time="0.001" /><testcase classname="tests.integrations.supabase.test_supabase_vector_search.TestSupabaseVectorSearchPerformance" name="test_large_result_set" time="0.001" /><testcase classname="tests.integrations.supabase.test_supabase_vector_search.TestSupabaseVectorSearchPerformance" name="test_minimal_threshold" time="0.001" /><testcase classname="tests.integrations.supabase.test_supabase_vector_search.TestSupabaseVectorSearchPerformance" name="test_complex_filter" time="0.001" /><testcase classname="tests.integrations.supabase.test_supabase_vector_search.TestSupabaseVectorSearchAuthentication" name="test_missing_credentials_in_real_mode" time="0.001" /><testcase classname="tests.integrations.supabase.test_supabase_vector_search.TestSupabaseVectorSearchResultFormat" name="test_result_structure" time="0.001" /><testcase classname="tests.integrations.supabase.test_supabase_vector_search.TestSupabaseVectorSearchResultFormat" name="test_result_with_metadata" time="0.001" /><testcase classname="tests.integrations.supabase.test_supabase_vector_search.TestSupabaseVectorSearchResultFormat" name="test_similarity_scores" time="0.001" /><testcase classname="tests.integrations.supabase.test_supabase_vector_search" name="test_vector_search_benchmark" time="0.000"><error message="failed on setup with &quot;file /Users/frank/Documents/Code/Genspark/agentswarm-tools/tests/integrations/supabase/test_supabase_vector_search.py, line 468&#10;  def test_vector_search_benchmark(benchmark):&#10;E       fixture 'benchmark' not found&#10;&gt;       available fixtures: _class_scoped_runner, _function_scoped_runner, _module_scoped_runner, _package_scoped_runner, _session_scoped_runner, anyio_backend, anyio_backend_name, anyio_backend_options, api_response_factory, api_validation_error, cache, capfd, capfdbinary, caplog, capsys, capsysbinary, capteesys, capture_analytics_events, class_mocker, cov, doctest_namespace, event_loop, event_loop_policy, free_tcp_port, free_tcp_port_factory, free_udp_port, free_udp_port_factory, mock_api_error_response, mock_api_success_response, mock_redis, mock_tool_params, mocker, module_mocker, monkeypatch, no_cover, package_mocker, pytestconfig, record_property, record_testsuite_property, record_xml_attribute, recwarn, reset_rate_limiter, sample_email_data, sample_file_metadata, sample_tool_config, session_mocker, subtests, temp_dir, temp_file, test_environment, testrun_uid, tmp_path, tmp_path_factory, tmpdir, tmpdir_factory, unused_tcp_port, unused_tcp_port_factory, unused_udp_port, unused_udp_port_factory, worker_id&#10;&gt;       use 'pytest --fixtures [testpath]' for help on them.&#10;&#10;/Users/frank/Documents/Code/Genspark/agentswarm-tools/tests/integrations/supabase/test_supabase_vector_search.py:468&quot;">file /Users/frank/Documents/Code/Genspark/agentswarm-tools/tests/integrations/supabase/test_supabase_vector_search.py, line 468
  def test_vector_search_benchmark(benchmark):
E       fixture 'benchmark' not found
&gt;       available fixtures: _class_scoped_runner, _function_scoped_runner, _module_scoped_runner, _package_scoped_runner, _session_scoped_runner, anyio_backend, anyio_backend_name, anyio_backend_options, api_response_factory, api_validation_error, cache, capfd, capfdbinary, caplog, capsys, capsysbinary, capteesys, capture_analytics_events, class_mocker, cov, doctest_namespace, event_loop, event_loop_policy, free_tcp_port, free_tcp_port_factory, free_udp_port, free_udp_port_factory, mock_api_error_response, mock_api_success_response, mock_redis, mock_tool_params, mocker, module_mocker, monkeypatch, no_cover, package_mocker, pytestconfig, record_property, record_testsuite_property, record_xml_attribute, recwarn, reset_rate_limiter, sample_email_data, sample_file_metadata, sample_tool_config, session_mocker, subtests, temp_dir, temp_file, test_environment, testrun_uid, tmp_path, tmp_path_factory, tmpdir, tmpdir_factory, unused_tcp_port, unused_tcp_port_factory, unused_udp_port, unused_udp_port_factory, worker_id
&gt;       use 'pytest --fixtures [testpath]' for help on them.

/Users/frank/Documents/Code/Genspark/agentswarm-tools/tests/integrations/supabase/test_supabase_vector_search.py:468</error></testcase></testsuite></testsuites>