<?xml version="1.0" encoding="utf-8"?><testsuites name="pytest tests"><testsuite name="pytest" errors="17" failures="22" skipped="4" tests="279" time="16.798" timestamp="2025-11-22T21:41:06.217425+01:00" hostname="Franks-iMac.home"><testcase classname="" name="tests.integration.test_photo_editor_standalone" time="0.000"><error message="collection failure">E   pydantic.errors.PydanticUserError: A non-annotated attribute was detected: `SUPPORTED_OPERATIONS = {'flip', 'filter', 'crop', 'rotate', 'resize', 'background_remove'}`. All model fields require a type annotation; if `SUPPORTED_OPERATIONS` is not meant to be a field, you may be able to resolve this error by annotating it as a `ClassVar` or updating `model_config['ignored_types']`.
    
    For further information visit https://errors.pydantic.dev/2.12/u/model-field-missing-annotation</error><error message="collection failure">E   pydantic.errors.PydanticUserError: A non-annotated attribute was detected: `SUPPORTED_OPERATIONS = {'filter', 'crop', 'rotate', 'background_remove', 'flip', 'resize'}`. All model fields require a type annotation; if `SUPPORTED_OPERATIONS` is not meant to be a field, you may be able to resolve this error by annotating it as a `ClassVar` or updating `model_config['ignored_types']`.
    
    For further information visit https://errors.pydantic.dev/2.12/u/model-field-missing-annotation</error><error message="collection failure">E   pydantic.errors.PydanticUserError: A non-annotated attribute was detected: `SUPPORTED_OPERATIONS = {'flip', 'rotate', 'background_remove', 'crop', 'filter', 'resize'}`. All model fields require a type annotation; if `SUPPORTED_OPERATIONS` is not meant to be a field, you may be able to resolve this error by annotating it as a `ClassVar` or updating `model_config['ignored_types']`.
    
    For further information visit https://errors.pydantic.dev/2.12/u/model-field-missing-annotation</error><error message="collection failure">E   pydantic.errors.PydanticUserError: A non-annotated attribute was detected: `SUPPORTED_OPERATIONS = {'resize', 'filter', 'crop', 'rotate', 'background_remove', 'flip'}`. All model fields require a type annotation; if `SUPPORTED_OPERATIONS` is not meant to be a field, you may be able to resolve this error by annotating it as a `ClassVar` or updating `model_config['ignored_types']`.
    
    For further information visit https://errors.pydantic.dev/2.12/u/model-field-missing-annotation</error><error message="collection failure">E   pydantic.errors.PydanticUserError: A non-annotated attribute was detected: `SUPPORTED_OPERATIONS = {'resize', 'background_remove', 'filter', 'rotate', 'crop', 'flip'}`. All model fields require a type annotation; if `SUPPORTED_OPERATIONS` is not meant to be a field, you may be able to resolve this error by annotating it as a `ClassVar` or updating `model_config['ignored_types']`.
    
    For further information visit https://errors.pydantic.dev/2.12/u/model-field-missing-annotation</error><error message="collection failure">E   pydantic.errors.PydanticUserError: A non-annotated attribute was detected: `SUPPORTED_OPERATIONS = {'background_remove', 'filter', 'resize', 'rotate', 'crop', 'flip'}`. All model fields require a type annotation; if `SUPPORTED_OPERATIONS` is not meant to be a field, you may be able to resolve this error by annotating it as a `ClassVar` or updating `model_config['ignored_types']`.
    
    For further information visit https://errors.pydantic.dev/2.12/u/model-field-missing-annotation</error><error message="collection failure">E   pydantic.errors.PydanticUserError: A non-annotated attribute was detected: `SUPPORTED_OPERATIONS = {'filter', 'resize', 'flip', 'background_remove', 'crop', 'rotate'}`. All model fields require a type annotation; if `SUPPORTED_OPERATIONS` is not meant to be a field, you may be able to resolve this error by annotating it as a `ClassVar` or updating `model_config['ignored_types']`.
    
    For further information visit https://errors.pydantic.dev/2.12/u/model-field-missing-annotation</error><error message="collection failure">E   pydantic.errors.PydanticUserError: A non-annotated attribute was detected: `SUPPORTED_OPERATIONS = {'crop', 'background_remove', 'flip', 'rotate', 'filter', 'resize'}`. All model fields require a type annotation; if `SUPPORTED_OPERATIONS` is not meant to be a field, you may be able to resolve this error by annotating it as a `ClassVar` or updating `model_config['ignored_types']`.
    
    For further information visit https://errors.pydantic.dev/2.12/u/model-field-missing-annotation</error><error message="collection failure">E   pydantic.errors.PydanticUserError: A non-annotated attribute was detected: `SUPPORTED_OPERATIONS = {'rotate', 'filter', 'flip', 'background_remove', 'crop', 'resize'}`. All model fields require a type annotation; if `SUPPORTED_OPERATIONS` is not meant to be a field, you may be able to resolve this error by annotating it as a `ClassVar` or updating `model_config['ignored_types']`.
    
    For further information visit https://errors.pydantic.dev/2.12/u/model-field-missing-annotation</error><error message="collection failure">E   pydantic.errors.PydanticUserError: A non-annotated attribute was detected: `SUPPORTED_OPERATIONS = {'filter', 'background_remove', 'flip', 'rotate', 'resize', 'crop'}`. All model fields require a type annotation; if `SUPPORTED_OPERATIONS` is not meant to be a field, you may be able to resolve this error by annotating it as a `ClassVar` or updating `model_config['ignored_types']`.
    
    For further information visit https://errors.pydantic.dev/2.12/u/model-field-missing-annotation</error></testcase><testcase classname="" name="tests.unit.shared.test_analytics" time="0.000"><error message="collection failure">ImportError while importing test module '/Users/frank/Documents/Code/Genspark/agentswarm-tools/tests/unit/shared/test_analytics.py'.
Hint: make sure your test modules/packages have valid Python names.
Traceback:
.venv312/lib/python3.12/site-packages/_pytest/python.py:507: in importtestmodule
    mod = import_path(
.venv312/lib/python3.12/site-packages/_pytest/pathlib.py:587: in import_path
    importlib.import_module(module_name)
/opt/homebrew/Cellar/python@3.12/3.12.12/Frameworks/Python.framework/Versions/3.12/lib/python3.12/importlib/__init__.py:90: in import_module
    return _bootstrap._gcd_import(name[level:], package, level)
           ^^^^^^^^^^^^^^^^^^^^^^^^^^^^^^^^^^^^^^^^^^^^^^^^^^^^
&lt;frozen importlib._bootstrap&gt;:1387: in _gcd_import
    ???
&lt;frozen importlib._bootstrap&gt;:1360: in _find_and_load
    ???
&lt;frozen importlib._bootstrap&gt;:1324: in _find_and_load_unlocked
    ???
E   ModuleNotFoundError: No module named 'shared.test_analytics'</error></testcase><testcase classname="" name="tests.unit.shared.test_base" time="0.000"><error message="collection failure">ImportError while importing test module '/Users/frank/Documents/Code/Genspark/agentswarm-tools/tests/unit/shared/test_base.py'.
Hint: make sure your test modules/packages have valid Python names.
Traceback:
.venv312/lib/python3.12/site-packages/_pytest/python.py:507: in importtestmodule
    mod = import_path(
.venv312/lib/python3.12/site-packages/_pytest/pathlib.py:587: in import_path
    importlib.import_module(module_name)
/opt/homebrew/Cellar/python@3.12/3.12.12/Frameworks/Python.framework/Versions/3.12/lib/python3.12/importlib/__init__.py:90: in import_module
    return _bootstrap._gcd_import(name[level:], package, level)
           ^^^^^^^^^^^^^^^^^^^^^^^^^^^^^^^^^^^^^^^^^^^^^^^^^^^^
&lt;frozen importlib._bootstrap&gt;:1387: in _gcd_import
    ???
&lt;frozen importlib._bootstrap&gt;:1360: in _find_and_load
    ???
&lt;frozen importlib._bootstrap&gt;:1324: in _find_and_load_unlocked
    ???
E   ModuleNotFoundError: No module named 'shared.test_base'</error></testcase><testcase classname="" name="tests.unit.shared.test_errors" time="0.000"><error message="collection failure">ImportError while importing test module '/Users/frank/Documents/Code/Genspark/agentswarm-tools/tests/unit/shared/test_errors.py'.
Hint: make sure your test modules/packages have valid Python names.
Traceback:
.venv312/lib/python3.12/site-packages/_pytest/python.py:507: in importtestmodule
    mod = import_path(
.venv312/lib/python3.12/site-packages/_pytest/pathlib.py:587: in import_path
    importlib.import_module(module_name)
/opt/homebrew/Cellar/python@3.12/3.12.12/Frameworks/Python.framework/Versions/3.12/lib/python3.12/importlib/__init__.py:90: in import_module
    return _bootstrap._gcd_import(name[level:], package, level)
           ^^^^^^^^^^^^^^^^^^^^^^^^^^^^^^^^^^^^^^^^^^^^^^^^^^^^
&lt;frozen importlib._bootstrap&gt;:1387: in _gcd_import
    ???
&lt;frozen importlib._bootstrap&gt;:1360: in _find_and_load
    ???
&lt;frozen importlib._bootstrap&gt;:1324: in _find_and_load_unlocked
    ???
E   ModuleNotFoundError: No module named 'shared.test_errors'</error></testcase><testcase classname="" name="tests.unit.shared.test_security" time="0.000"><error message="collection failure">ImportError while importing test module '/Users/frank/Documents/Code/Genspark/agentswarm-tools/tests/unit/shared/test_security.py'.
Hint: make sure your test modules/packages have valid Python names.
Traceback:
.venv312/lib/python3.12/site-packages/_pytest/python.py:507: in importtestmodule
    mod = import_path(
.venv312/lib/python3.12/site-packages/_pytest/pathlib.py:587: in import_path
    importlib.import_module(module_name)
/opt/homebrew/Cellar/python@3.12/3.12.12/Frameworks/Python.framework/Versions/3.12/lib/python3.12/importlib/__init__.py:90: in import_module
    return _bootstrap._gcd_import(name[level:], package, level)
           ^^^^^^^^^^^^^^^^^^^^^^^^^^^^^^^^^^^^^^^^^^^^^^^^^^^^
&lt;frozen importlib._bootstrap&gt;:1387: in _gcd_import
    ???
&lt;frozen importlib._bootstrap&gt;:1360: in _find_and_load
    ???
&lt;frozen importlib._bootstrap&gt;:1324: in _find_and_load_unlocked
    ???
E   ModuleNotFoundError: No module named 'shared.test_security'</error></testcase><testcase classname="" name="tests.unit.tools.test_code_execution_tools" time="0.000"><error message="collection failure">ImportError while importing test module '/Users/frank/Documents/Code/Genspark/agentswarm-tools/tests/unit/tools/test_code_execution_tools.py'.
Hint: make sure your test modules/packages have valid Python names.
Traceback:
.venv312/lib/python3.12/site-packages/_pytest/python.py:507: in importtestmodule
    mod = import_path(
.venv312/lib/python3.12/site-packages/_pytest/pathlib.py:587: in import_path
    importlib.import_module(module_name)
/opt/homebrew/Cellar/python@3.12/3.12.12/Frameworks/Python.framework/Versions/3.12/lib/python3.12/importlib/__init__.py:90: in import_module
    return _bootstrap._gcd_import(name[level:], package, level)
           ^^^^^^^^^^^^^^^^^^^^^^^^^^^^^^^^^^^^^^^^^^^^^^^^^^^^
&lt;frozen importlib._bootstrap&gt;:1387: in _gcd_import
    ???
&lt;frozen importlib._bootstrap&gt;:1360: in _find_and_load
    ???
&lt;frozen importlib._bootstrap&gt;:1331: in _find_and_load_unlocked
    ???
&lt;frozen importlib._bootstrap&gt;:935: in _load_unlocked
    ???
.venv312/lib/python3.12/site-packages/_pytest/assertion/rewrite.py:197: in exec_module
    exec(co, module.__dict__)
tests/unit/tools/test_code_execution_tools.py:21: in &lt;module&gt;
    from tools.infrastructure.execution.multiedit_tool.multiedit_tool import MultiEditTool
E   ImportError: cannot import name 'MultiEditTool' from 'tools.infrastructure.execution.multiedit_tool.multiedit_tool' (/Users/frank/Documents/Code/Genspark/agentswarm-tools/tools/infrastructure/execution/multiedit_tool/multiedit_tool.py)</error></testcase><testcase classname="" name="tests.unit.tools.test_communication_tools" time="0.000"><error message="collection failure">ImportError while importing test module '/Users/frank/Documents/Code/Genspark/agentswarm-tools/tests/unit/tools/test_communication_tools.py'.
Hint: make sure your test modules/packages have valid Python names.
Traceback:
.venv312/lib/python3.12/site-packages/_pytest/python.py:507: in importtestmodule
    mod = import_path(
.venv312/lib/python3.12/site-packages/_pytest/pathlib.py:587: in import_path
    importlib.import_module(module_name)
/opt/homebrew/Cellar/python@3.12/3.12.12/Frameworks/Python.framework/Versions/3.12/lib/python3.12/importlib/__init__.py:90: in import_module
    return _bootstrap._gcd_import(name[level:], package, level)
           ^^^^^^^^^^^^^^^^^^^^^^^^^^^^^^^^^^^^^^^^^^^^^^^^^^^^
&lt;frozen importlib._bootstrap&gt;:1387: in _gcd_import
    ???
&lt;frozen importlib._bootstrap&gt;:1360: in _find_and_load
    ???
&lt;frozen importlib._bootstrap&gt;:1331: in _find_and_load_unlocked
    ???
&lt;frozen importlib._bootstrap&gt;:935: in _load_unlocked
    ???
.venv312/lib/python3.12/site-packages/_pytest/assertion/rewrite.py:197: in exec_module
    exec(co, module.__dict__)
tests/unit/tools/test_communication_tools.py:40: in &lt;module&gt;
    from tools.communication.meeting_notes.meeting_notes import MeetingNotes
E   ImportError: cannot import name 'MeetingNotes' from 'tools.communication.meeting_notes.meeting_notes' (/Users/frank/Documents/Code/Genspark/agentswarm-tools/tools/communication/meeting_notes/meeting_notes.py)</error></testcase><testcase classname="" name="tests.unit.tools.test_storage_tools" time="0.000"><error message="collection failure">ImportError while importing test module '/Users/frank/Documents/Code/Genspark/agentswarm-tools/tests/unit/tools/test_storage_tools.py'.
Hint: make sure your test modules/packages have valid Python names.
Traceback:
.venv312/lib/python3.12/site-packages/_pytest/python.py:507: in importtestmodule
    mod = import_path(
.venv312/lib/python3.12/site-packages/_pytest/pathlib.py:587: in import_path
    importlib.import_module(module_name)
/opt/homebrew/Cellar/python@3.12/3.12.12/Frameworks/Python.framework/Versions/3.12/lib/python3.12/importlib/__init__.py:90: in import_module
    return _bootstrap._gcd_import(name[level:], package, level)
           ^^^^^^^^^^^^^^^^^^^^^^^^^^^^^^^^^^^^^^^^^^^^^^^^^^^^
&lt;frozen importlib._bootstrap&gt;:1387: in _gcd_import
    ???
&lt;frozen importlib._bootstrap&gt;:1360: in _find_and_load
    ???
&lt;frozen importlib._bootstrap&gt;:1331: in _find_and_load_unlocked
    ???
&lt;frozen importlib._bootstrap&gt;:935: in _load_unlocked
    ???
.venv312/lib/python3.12/site-packages/_pytest/assertion/rewrite.py:197: in exec_module
    exec(co, module.__dict__)
tests/unit/tools/test_storage_tools.py:16: in &lt;module&gt;
    from tools.infrastructure.storage.aidrive_tool.aidrive_tool import AIDriveTool
E   ImportError: cannot import name 'AIDriveTool' from 'tools.infrastructure.storage.aidrive_tool.aidrive_tool' (/Users/frank/Documents/Code/Genspark/agentswarm-tools/tools/infrastructure/storage/aidrive_tool/aidrive_tool.py)</error></testcase><testcase classname="tests.unit.tools.test_media_analysis_tools.TestBatchUnderstandVideos" name="test_execute_mock_mode" time="0.002"><failure message="pydantic_core._pydantic_core.ValidationError: 1 validation error for BatchUnderstandVideos&#10;media_url&#10;  Field required [type=missing, input_value={'media_urls': ['https://... 'Compare these videos'}, input_type=dict]&#10;    For further information visit https://errors.pydantic.dev/2.12/v/missing">E   pydantic_core._pydantic_core.ValidationError: 1 validation error for BatchUnderstandVideos
    media_url
      Field required [type=missing, input_value={'media_urls': ['https://... 'Compare these videos'}, input_type=dict]
        For further information visit https://errors.pydantic.dev/2.12/v/missing</failure></testcase><testcase classname="tests.unit.tools.test_media_analysis_tools.TestUnderstandImages" name="test_edge_case_multiple_images" time="0.002"><failure message="pydantic_core._pydantic_core.ValidationError: 1 validation error for UnderstandImages&#10;media_url&#10;  Field required [type=missing, input_value={'media_urls': ['https://...': 'Analyze all images'}, input_type=dict]&#10;    For further information visit https://errors.pydantic.dev/2.12/v/missing">E   pydantic_core._pydantic_core.ValidationError: 1 validation error for UnderstandImages
    media_url
      Field required [type=missing, input_value={'media_urls': ['https://...': 'Analyze all images'}, input_type=dict]
        For further information visit https://errors.pydantic.dev/2.12/v/missing</failure></testcase><testcase classname="tests.unit.tools.test_media_analysis_tools.TestExtractAudioFromVideo" name="test_execute_live_mode_success" time="0.006"><failure message="AttributeError: module 'tools.media.analysis.extract_audio_from_video.extract_audio_from_video' has no attribute 'requests'">E   AttributeError: module 'tools.media.analysis.extract_audio_from_video.extract_audio_from_video' has no attribute 'requests'</failure></testcase><testcase classname="tests.unit.tools.test_media_analysis_tools.TestMergeAudio" name="test_execute_mock_mode" time="0.015" /><testcase classname="tests.unit.tools.test_media_analysis_tools.TestBatchUnderstandVideos" name="test_edge_case_large_batch" time="0.001"><failure message="pydantic_core._pydantic_core.ValidationError: 1 validation error for BatchUnderstandVideos&#10;media_url&#10;  Field required [type=missing, input_value={'media_urls': ['https://...ruction': 'Analyze all'}, input_type=dict]&#10;    For further information visit https://errors.pydantic.dev/2.12/v/missing">E   pydantic_core._pydantic_core.ValidationError: 1 validation error for BatchUnderstandVideos
    media_url
      Field required [type=missing, input_value={'media_urls': ['https://...ruction': 'Analyze all'}, input_type=dict]
        For further information visit https://errors.pydantic.dev/2.12/v/missing</failure></testcase><testcase classname="tests.unit.tools.test_media_analysis_tools.TestAnalyzeMediaContent" name="test_initialization_success" time="0.001"><failure message="AttributeError: 'AnalyzeMediaContent' object has no attribute 'analysis_type'">E   AttributeError: 'AnalyzeMediaContent' object has no attribute 'analysis_type'</failure></testcase><testcase classname="tests.unit.tools.test_media_analysis_tools.TestMergeAudio" name="test_validate_parameters_insufficient_files" time="0.000" /><testcase classname="tests.unit.tools.test_media_analysis_tools.TestMergeAudio" name="test_edge_case_many_files" time="0.001" /><testcase classname="tests.unit.tools.test_media_analysis_tools.TestExtractAudioFromVideo" name="test_initialization_success" time="0.000"><failure message="pydantic_core._pydantic_core.ValidationError: 1 validation error for ExtractAudioFromVideo&#10;input&#10;  Field required [type=missing, input_value={'video_url': 'https://ex...: 'Extract audio track'}, input_type=dict]&#10;    For further information visit https://errors.pydantic.dev/2.12/v/missing">E   pydantic_core._pydantic_core.ValidationError: 1 validation error for ExtractAudioFromVideo
    input
      Field required [type=missing, input_value={'video_url': 'https://ex...: 'Extract audio track'}, input_type=dict]
        For further information visit https://errors.pydantic.dev/2.12/v/missing</failure></testcase><testcase classname="tests.unit.tools.test_media_analysis_tools.TestAudioEffects" name="test_initialization_success" time="0.001" /><testcase classname="tests.unit.tools.test_media_analysis_tools.TestAudioEffects" name="test_execute_mock_mode" time="0.005" /><testcase classname="tests.unit.tools.test_media_analysis_tools.TestAudioEffects" name="test_validate_parameters_invalid_intensity" time="0.002" /><testcase classname="tests.integration.live.test_search_live.TestWebSearchLive" name="test_basic_search" time="0.003"><skipped type="pytest.skip" message="Google Search API credentials not available">/Users/frank/Documents/Code/Genspark/agentswarm-tools/tests/integration/live/test_search_live.py:39: Google Search API credentials not available</skipped></testcase><testcase classname="tests.integration.live.test_search_live.TestWebSearchLive" name="test_search_with_special_characters" time="0.000"><skipped type="pytest.skip" message="Google Search API credentials not available">/Users/frank/Documents/Code/Genspark/agentswarm-tools/tests/integration/live/test_search_live.py:51: Google Search API credentials not available</skipped></testcase><testcase classname="tests.integration.live.test_search_live.TestVideoSearchLive" name="test_basic_video_search" time="0.000"><skipped type="pytest.skip" message="YouTube API key not available">/Users/frank/Documents/Code/Genspark/agentswarm-tools/tests/integration/live/test_search_live.py:72: YouTube API key not available</skipped></testcase><testcase classname="tests.integration.live.test_search_live.TestNotionLive" name="test_notion_search" time="0.001"><skipped type="pytest.skip" message="Notion API key not available">/Users/frank/Documents/Code/Genspark/agentswarm-tools/tests/integration/live/test_search_live.py:94: Notion API key not available</skipped></testcase><testcase classname="tests.integration.live.test_search_live.TestFinancialToolsLive" name="test_stock_price" time="0.001"><failure message="ModuleNotFoundError: No module named 'tools.search'">E   ModuleNotFoundError: No module named 'tools.search'</failure></testcase><testcase classname="tests.unit.tools.test_media_analysis_tools.TestUnderstandVideo" name="test_initialization_success" time="0.001"><failure message="pydantic_core._pydantic_core.ValidationError: 1 validation error for UnderstandVideo&#10;media_url&#10;  Field required [type=missing, input_value={'media_urls': ['https://... content of this video'}, input_type=dict]&#10;    For further information visit https://errors.pydantic.dev/2.12/v/missing">E   pydantic_core._pydantic_core.ValidationError: 1 validation error for UnderstandVideo
    media_url
      Field required [type=missing, input_value={'media_urls': ['https://... content of this video'}, input_type=dict]
        For further information visit https://errors.pydantic.dev/2.12/v/missing</failure></testcase><testcase classname="tests.unit.tools.test_media_analysis_tools.TestUnderstandVideo" name="test_execute_mock_mode" time="0.001"><failure message="pydantic_core._pydantic_core.ValidationError: 1 validation error for UnderstandVideo&#10;media_url&#10;  Field required [type=missing, input_value={'media_urls': ['https://...happens in this video?'}, input_type=dict]&#10;    For further information visit https://errors.pydantic.dev/2.12/v/missing">E   pydantic_core._pydantic_core.ValidationError: 1 validation error for UnderstandVideo
    media_url
      Field required [type=missing, input_value={'media_urls': ['https://...happens in this video?'}, input_type=dict]
        For further information visit https://errors.pydantic.dev/2.12/v/missing</failure></testcase><testcase classname="tests.unit.tools.test_media_analysis_tools.TestUnderstandVideo" name="test_validate_parameters_empty_urls" time="0.000"><failure message="pydantic_core._pydantic_core.ValidationError: 1 validation error for UnderstandVideo&#10;media_url&#10;  Field required [type=missing, input_value={'media_urls': [], 'instruction': 'test'}, input_type=dict]&#10;    For further information visit https://errors.pydantic.dev/2.12/v/missing">E   pydantic_core._pydantic_core.ValidationError: 1 validation error for UnderstandVideo
    media_url
      Field required [type=missing, input_value={'media_urls': [], 'instruction': 'test'}, input_type=dict]
        For further information visit https://errors.pydantic.dev/2.12/v/missing</failure></testcase><testcase classname="tests.unit.tools.test_media_analysis_tools.TestUnderstandVideo" name="test_execute_live_mode_success" time="0.002"><failure message="pydantic_core._pydantic_core.ValidationError: 1 validation error for UnderstandVideo&#10;media_url&#10;  Field required [type=missing, input_value={'media_urls': ['https://...struction': 'Summarize'}, input_type=dict]&#10;    For further information visit https://errors.pydantic.dev/2.12/v/missing">E   pydantic_core._pydantic_core.ValidationError: 1 validation error for UnderstandVideo
    media_url
      Field required [type=missing, input_value={'media_urls': ['https://...struction': 'Summarize'}, input_type=dict]
        For further information visit https://errors.pydantic.dev/2.12/v/missing</failure></testcase><testcase classname="tests.integration.live.test_utilities_live.TestThinkTool" name="test_basic_thought" time="0.014" /><testcase classname="tests.integration.live.test_utilities_live.TestThinkTool" name="test_complex_thought" time="0.001" /><testcase classname="tests.integration.live.test_utilities_live.TestAskForClarification" name="test_basic_question" time="0.001" /><testcase classname="tests.integration.live.test_utilities_live.TestAskForClarification" name="test_multiple_choice_question" time="0.000" /><testcase classname="tests.integration.live.test_utilities_live.TestCodeExecutionTools" name="test_write_and_read_file" time="0.001"><failure message="ModuleNotFoundError: No module named 'tools.code_execution'">E   ModuleNotFoundError: No module named 'tools.code_execution'</failure></testcase><testcase classname="tests.unit.tools.test_media_analysis_tools.TestExtractAudioFromVideo" name="test_execute_mock_mode" time="0.000"><failure message="pydantic_core._pydantic_core.ValidationError: 1 validation error for ExtractAudioFromVideo&#10;input&#10;  Field required [type=missing, input_value={'video_url': 'https://ex...ary': 'Test extraction'}, input_type=dict]&#10;    For further information visit https://errors.pydantic.dev/2.12/v/missing">E   pydantic_core._pydantic_core.ValidationError: 1 validation error for ExtractAudioFromVideo
    input
      Field required [type=missing, input_value={'video_url': 'https://ex...ary': 'Test extraction'}, input_type=dict]
        For further information visit https://errors.pydantic.dev/2.12/v/missing</failure></testcase><testcase classname="tests.unit.tools.test_media_analysis_tools.TestAudioTranscribe" name="test_execute_mock_mode" time="0.015" /><testcase classname="tests.unit.tools.test_media_analysis_tools.TestAudioTranscribe" name="test_validate_parameters_empty_url" time="0.002" /><testcase classname="tests.unit.tools.test_media_analysis_tools.TestAudioTranscribe" name="test_validate_parameters_invalid_language" time="0.000" /><testcase classname="tests.unit.tools.test_media_analysis_tools.TestAudioTranscribe" name="test_execute_live_mode_success" time="0.001" /><testcase classname="tests.unit.tools.test_media_analysis_tools.TestAudioTranscribe" name="test_edge_case_multiple_languages" time="0.001" /><testcase classname="tests.integration.live.test_visualization_live.TestLineChartLive" name="test_line_chart_with_labels" time="0.206" /><testcase classname="tests.unit.tools.test_media_analysis_tools.TestUnderstandImages" name="test_initialization_success" time="0.003"><failure message="pydantic_core._pydantic_core.ValidationError: 1 validation error for UnderstandImages&#10;media_url&#10;  Field required [type=missing, input_value={'media_urls': ['https://...ou see in these images'}, input_type=dict]&#10;    For further information visit https://errors.pydantic.dev/2.12/v/missing">E   pydantic_core._pydantic_core.ValidationError: 1 validation error for UnderstandImages
    media_url
      Field required [type=missing, input_value={'media_urls': ['https://...ou see in these images'}, input_type=dict]
        For further information visit https://errors.pydantic.dev/2.12/v/missing</failure></testcase><testcase classname="tests.unit.tools.test_media_analysis_tools.TestUnderstandImages" name="test_execute_mock_mode" time="0.001"><failure message="pydantic_core._pydantic_core.ValidationError: 1 validation error for UnderstandImages&#10;media_url&#10;  Field required [type=missing, input_value={'media_urls': ['https://...': 'Analyze this image'}, input_type=dict]&#10;    For further information visit https://errors.pydantic.dev/2.12/v/missing">E   pydantic_core._pydantic_core.ValidationError: 1 validation error for UnderstandImages
    media_url
      Field required [type=missing, input_value={'media_urls': ['https://...': 'Analyze this image'}, input_type=dict]
        For further information visit https://errors.pydantic.dev/2.12/v/missing</failure></testcase><testcase classname="tests.unit.tools.test_media_analysis_tools.TestUnderstandImages" name="test_validate_parameters_empty_urls" time="0.001"><failure message="pydantic_core._pydantic_core.ValidationError: 1 validation error for UnderstandImages&#10;media_url&#10;  Field required [type=missing, input_value={'media_urls': [], 'instruction': 'test'}, input_type=dict]&#10;    For further information visit https://errors.pydantic.dev/2.12/v/missing">E   pydantic_core._pydantic_core.ValidationError: 1 validation error for UnderstandImages
    media_url
      Field required [type=missing, input_value={'media_urls': [], 'instruction': 'test'}, input_type=dict]
        For further information visit https://errors.pydantic.dev/2.12/v/missing</failure></testcase><testcase classname="tests.unit.tools.test_media_analysis_tools.TestUnderstandImages" name="test_validate_parameters_invalid_url" time="0.000"><failure message="pydantic_core._pydantic_core.ValidationError: 1 validation error for UnderstandImages&#10;media_url&#10;  Field required [type=missing, input_value={'media_urls': ['not-a-ur..., 'instruction': 'test'}, input_type=dict]&#10;    For further information visit https://errors.pydantic.dev/2.12/v/missing">E   pydantic_core._pydantic_core.ValidationError: 1 validation error for UnderstandImages
    media_url
      Field required [type=missing, input_value={'media_urls': ['not-a-ur..., 'instruction': 'test'}, input_type=dict]
        For further information visit https://errors.pydantic.dev/2.12/v/missing</failure></testcase><testcase classname="tests.unit.tools.test_media_analysis_tools.TestUnderstandImages" name="test_validate_parameters_empty_instruction" time="0.001" /><testcase classname="tests.unit.tools.test_media_analysis_tools.TestBatchVideoAnalysis" name="test_execute_mock_mode" time="0.016" /><testcase classname="tests.unit.tools.test_media_analysis_tools.TestBatchVideoAnalysis" name="test_validate_parameters_empty_urls" time="0.000" /><testcase classname="tests.unit.tools.test_media_analysis_tools.TestVideoMetadataExtractor" name="test_initialization_success" time="0.000" /><testcase classname="tests.unit.tools.test_media_analysis_tools.TestVideoMetadataExtractor" name="test_execute_mock_mode" time="0.001" /><testcase classname="tests.unit.tools.test_media_analysis_tools.TestVideoMetadataExtractor" name="test_validate_parameters_empty_url" time="0.000" /><testcase classname="tests.unit.tools.test_media_analysis_tools.TestAudioEffects" name="test_edge_case_different_effects" time="0.002" /><testcase classname="tests.unit.tools.test_media_analysis_tools.TestAnalyzeMediaContent" name="test_execute_mock_mode" time="0.002" /><testcase classname="tests.unit.tools.test_media_analysis_tools.TestAnalyzeMediaContent" name="test_validate_parameters_invalid_analysis_type" time="0.001"><failure message="Failed: DID NOT RAISE &lt;class 'shared.errors.ValidationError'&gt;">E   Failed: DID NOT RAISE &lt;class 'shared.errors.ValidationError'&gt;</failure></testcase><testcase classname="tests.unit.tools.test_media_analysis_tools.TestAudioTranscribe" name="test_initialization_success" time="0.000" /><testcase classname="tests.unit.tools.test_media_analysis_tools.TestVideoMetadataExtractor" name="test_edge_case_various_video_formats" time="0.001" /><testcase classname="tests.unit.tools.test_media_analysis_tools.TestExtractAudioFromVideo" name="test_validate_parameters_empty_url" time="0.000" /><testcase classname="tests.unit.tools.test_media_generation_tools.TestImageGeneration" name="test_execute_live_mode_success" time="0.001" /><testcase classname="tests.unit.tools.test_media_generation_tools.TestImageGeneration" name="test_initialization_success" time="0.000" /><testcase classname="tests.unit.tools.test_media_generation_tools.TestImageGeneration" name="test_initialization_with_defaults" time="0.000" /><testcase classname="tests.integration.live.test_search_live.TestFinancialToolsLive" name="test_financial_report" time="0.001"><failure message="ModuleNotFoundError: No module named 'tools.search'">E   ModuleNotFoundError: No module named 'tools.search'</failure></testcase><testcase classname="tests.unit.tools.test_media_generation_tools.TestImageGeneration" name="test_api_error_handling" time="0.000" /><testcase classname="tests.unit.tools.test_media_analysis_tools.TestBatchUnderstandVideos" name="test_initialization_success" time="0.001"><failure message="pydantic_core._pydantic_core.ValidationError: 1 validation error for BatchUnderstandVideos&#10;media_url&#10;  Field required [type=missing, input_value={'media_urls': ['https://... 'Analyze these videos'}, input_type=dict]&#10;    For further information visit https://errors.pydantic.dev/2.12/v/missing">E   pydantic_core._pydantic_core.ValidationError: 1 validation error for BatchUnderstandVideos
    media_url
      Field required [type=missing, input_value={'media_urls': ['https://... 'Analyze these videos'}, input_type=dict]
        For further information visit https://errors.pydantic.dev/2.12/v/missing</failure></testcase><testcase classname="tests.unit.tools.test_media_generation_tools.TestImageGeneration" name="test_execute_mock_mode" time="0.001" /><testcase classname="tests.unit.tools.test_media_analysis_tools.TestBatchVideoAnalysis" name="test_initialization_success" time="0.000" /><testcase classname="tests.unit.tools.test_media_generation_tools.TestVideoGeneration" name="test_validate_parameters_invalid_duration" time="0.000" /><testcase classname="tests.unit.tools.test_media_generation_tools.TestVideoGeneration" name="test_execute_live_mode_success" time="0.000" /><testcase classname="tests.unit.tools.test_media_generation_tools.TestAudioGeneration" name="test_initialization_success" time="0.000" /><testcase classname="tests.unit.tools.test_media_generation_tools.TestAudioGeneration" name="test_execute_mock_mode" time="0.000" /><testcase classname="tests.unit.tools.test_media_generation_tools.TestAudioGeneration" name="test_validate_parameters_empty_query" time="0.000" /><testcase classname="tests.unit.tools.test_media_generation_tools.TestPodcastGenerator" name="test_initialization_success" time="0.001" /><testcase classname="tests.unit.tools.test_media_generation_tools.TestPodcastGenerator" name="test_execute_mock_mode" time="0.001" /><testcase classname="tests.unit.tools.test_media_generation_tools.TestImageGeneration" name="test_validate_parameters_empty_query" time="0.000" /><testcase classname="tests.unit.tools.test_media_generation_tools.TestImageGeneration" name="test_size_validation" time="0.001" /><testcase classname="tests.unit.tools.test_media_generation_tools.TestVideoGeneration" name="test_initialization_success" time="0.000" /><testcase classname="tests.unit.tools.test_media_generation_tools.TestVideoGeneration" name="test_execute_mock_mode" time="0.001" /><testcase classname="tests.unit.tools.test_media_generation_tools.TestPodcastGenerator" name="test_validate_parameters_empty_topic" time="0.000" /><testcase classname="tests.unit.tools.test_media_generation_tools.TestImageStyleTransfer" name="test_validate_parameters_empty_url" time="0.001" /><testcase classname="tests.unit.tools.test_media_generation_tools.TestImageStyleTransfer" name="test_validate_parameters_invalid_url" time="0.001" /><testcase classname="tests.unit.tools.test_media_generation_tools.TestPodcastGenerator" name="test_validate_parameters_invalid_duration" time="0.000" /><testcase classname="tests.unit.tools.test_media_generation_tools.TestImageStyleTransfer" name="test_initialization_success" time="0.000" /><testcase classname="tests.unit.tools.test_media_generation_tools.TestImageStyleTransfer" name="test_execute_live_mode_success" time="0.001" /><testcase classname="tests.integration.live.test_visualization_live.TestLineChartLive" name="test_basic_line_chart" time="0.183" /><testcase classname="tests.unit.tools.test_media_generation_tools.TestTextToSpeechAdvanced" name="test_initialization_success" time="0.000" /><testcase classname="tests.unit.tools.test_media_analysis_tools.TestUnderstandImages" name="test_execute_live_mode_success" time="0.002"><failure message="pydantic_core._pydantic_core.ValidationError: 1 validation error for UnderstandImages&#10;media_url&#10;  Field required [type=missing, input_value={'media_urls': ['https://...What is in this image?'}, input_type=dict]&#10;    For further information visit https://errors.pydantic.dev/2.12/v/missing">E   pydantic_core._pydantic_core.ValidationError: 1 validation error for UnderstandImages
    media_url
      Field required [type=missing, input_value={'media_urls': ['https://...What is in this image?'}, input_type=dict]
        For further information visit https://errors.pydantic.dev/2.12/v/missing</failure></testcase><testcase classname="tests.unit.tools.test_media_analysis_tools.TestVideoMetadataExtractor" name="test_execute_live_mode_success" time="0.002" /><testcase classname="tests.unit.tools.test_media_analysis_tools.TestMergeAudio" name="test_initialization_success" time="0.001" /><testcase classname="tests.unit.tools.test_media_generation_tools.TestVideoEffects" name="test_execute_mock_mode" time="0.001" /><testcase classname="tests.unit.tools.test_media_generation_tools.TestVideoEffects" name="test_validate_parameters_empty_path" time="0.000" /><testcase classname="tests.unit.tools.test_media_generation_tools.TestVideoEffects" name="test_validate_parameters_empty_effects" time="0.000" /><testcase classname="tests.unit.tools.test_search_tools.TestWebSearch" name="test_initialization_success" time="0.001" /><testcase classname="tests.unit.tools.test_search_tools.TestWebSearch" name="test_execute_live_mode_success" time="0.005" /><testcase classname="tests.unit.tools.test_search_tools.TestWebSearch" name="test_initialization_with_defaults" time="0.000" /><testcase classname="tests.unit.tools.test_search_tools.TestWebSearch" name="test_initialization_validation_error_empty_query" time="0.000" /><testcase classname="tests.unit.tools.test_media_generation_tools.TestVideoEffects" name="test_execute_live_mode_success" time="0.003"><failure message="Failed: DID NOT RAISE &lt;class 'shared.errors.ValidationError'&gt;">E   Failed: DID NOT RAISE &lt;class 'shared.errors.ValidationError'&gt;</failure></testcase><testcase classname="tests.unit.tools.test_search_tools.TestWebSearch" name="test_initialization_validation_error_max_results" time="0.000" /><testcase classname="tests.unit.tools.test_media_generation_tools.TestAudioGeneration" name="test_execute_live_mode_success" time="0.001" /><testcase classname="tests.unit.tools.test_media_generation_tools.TestImageGeneration" name="test_validate_parameters_invalid_params" time="0.001" /><testcase classname="tests.unit.tools.test_search_tools.TestImageSearch" name="test_initialization_success" time="0.001" /><testcase classname="tests.unit.tools.test_search_tools.TestWebSearch" name="test_validate_parameters_success" time="0.000" /><testcase classname="tests.unit.tools.test_search_tools.TestWebSearch" name="test_validate_parameters_failure_whitespace" time="0.000" /><testcase classname="tests.unit.tools.test_search_tools.TestWebSearch" name="test_edge_case_empty_result" time="0.002" /><testcase classname="tests.unit.tools.test_search_tools.TestScholarSearch" name="test_initialization_success" time="0.000" /><testcase classname="tests.unit.tools.test_search_tools.TestScholarSearch" name="test_execute_mock_mode" time="0.001" /><testcase classname="tests.unit.tools.test_media_generation_tools.TestVideoGeneration" name="test_validate_parameters_empty_query" time="0.001" /><testcase classname="tests.unit.tools.test_search_tools.TestImageSearch" name="test_execute_mock_mode" time="0.001" /><testcase classname="tests.unit.tools.test_search_tools.TestImageSearch" name="test_execute_live_mode_success" time="0.005" /><testcase classname="tests.unit.tools.test_media_generation_tools.TestImageStyleTransfer" name="test_execute_mock_mode" time="0.001" /><testcase classname="tests.unit.tools.test_search_tools.TestGoogleProductSearch" name="test_execute_mock_mode" time="0.001" /><testcase classname="tests.unit.tools.test_search_tools.TestVideoSearch" name="test_validate_parameters_success" time="0.001" /><testcase classname="tests.unit.tools.test_media_generation_tools.TestTextToSpeechAdvanced" name="test_execute_mock_mode" time="0.001" /><testcase classname="tests.unit.tools.test_search_tools.TestGoogleProductSearch" name="test_execute_live_mode_success" time="0.005" /><testcase classname="tests.unit.tools.test_media_generation_tools.TestVideoEffects" name="test_edge_case_multiple_effects" time="0.001" /><testcase classname="tests.unit.tools.test_search_tools.TestWebSearch" name="test_api_error_handling_missing_credentials" time="0.002" /><testcase classname="tests.unit.tools.test_search_tools.TestFinancialReport" name="test_validate_parameters_empty_ticker" time="0.000" /><testcase classname="tests.unit.tools.test_search_tools.TestStockPrice" name="test_execute_live_mode_success" time="0.004" /><testcase classname="tests.unit.tools.test_search_tools.TestScholarSearch" name="test_validate_parameters" time="0.000" /><testcase classname="tests.unit.tools.test_search_tools.TestProductSearch" name="test_initialization_success" time="0.000" /><testcase classname="tests.unit.tools.test_search_tools.TestProductSearch" name="test_execute_mock_mode" time="0.001" /><testcase classname="tests.unit.tools.test_search_tools.TestProductSearch" name="test_validate_parameters_empty_query" time="0.000" /><testcase classname="tests.unit.tools.test_search_tools.TestVideoSearch" name="test_initialization_success" time="0.000" /><testcase classname="tests.unit.tools.test_search_tools.TestFinancialReport" name="test_validate_parameters_invalid_report_type" time="0.000" /><testcase classname="tests.unit.tools.test_search_tools.TestStockPrice" name="test_initialization_success" time="0.001" /><testcase classname="tests.unit.tools.test_search_tools.TestWebSearch" name="test_execute_mock_mode" time="0.002" /><testcase classname="tests.unit.tools.test_search_tools.TestStockPrice" name="test_api_error_handling_network_failure" time="0.001" /><testcase classname="tests.unit.tools.test_utility_tools.TestThink" name="test_initialization_success" time="0.000" /><testcase classname="tests.unit.tools.test_search_tools.TestFinancialReport" name="test_initialization_success" time="0.000" /><testcase classname="tests.unit.tools.test_utility_tools.TestThink" name="test_execute_mock_mode" time="0.001" /><testcase classname="tests.unit.tools.test_search_tools.TestWebSearch" name="test_api_error_handling_request_exception" time="0.004" /><testcase classname="tests.unit.tools.test_search_tools.TestStockPrice" name="test_validate_parameters_empty_ticker" time="0.000" /><testcase classname="tests.unit.tools.test_search_tools.TestStockPrice" name="test_validate_parameters_whitespace_ticker" time="0.000" /><testcase classname="tests.unit.tools.test_search_tools.TestStockPrice" name="test_execute_mock_mode" time="0.003" /><testcase classname="tests.unit.tools.test_utility_tools.TestFactChecker" name="test_execute_without_sources" time="0.002" /><testcase classname="tests.unit.tools.test_utility_tools.TestJsonValidator" name="test_initialization_success" time="0.000" /><testcase classname="tests.unit.tools.test_utility_tools.TestJsonValidator" name="test_execute_mock_mode_valid_json" time="0.002" /><testcase classname="tests.unit.tools.test_search_tools.TestGoogleProductSearch" name="test_initialization_success" time="0.005" /><testcase classname="tests.unit.tools.test_utility_tools.TestBatchProcessor" name="test_edge_case_large_batch" time="0.001" /><testcase classname="tests.unit.tools.test_utility_tools.TestCreateProfile" name="test_initialization_success" time="0.001" /><testcase classname="tests.unit.tools.test_utility_tools.TestCreateProfile" name="test_execute_mock_mode" time="0.002" /><testcase classname="tests.unit.tools.test_search_tools.TestStockPrice" name="test_api_error_handling_missing_api_key" time="0.003" /><testcase classname="tests.unit.tools.test_search_tools.TestFinancialReport" name="test_execute_mock_mode" time="0.001" /><testcase classname="tests.unit.tools.test_utility_tools.TestJsonValidator" name="test_validate_parameters_invalid_json" time="0.001" /><testcase classname="tests.unit.tools.test_utility_tools.TestJsonValidator" name="test_edge_case_nested_json" time="0.001" /><testcase classname="tests.unit.tools.test_utility_tools.TestJsonValidator" name="test_edge_case_large_json" time="0.001" /><testcase classname="tests.unit.tools.test_utility_tools.TestThink" name="test_validate_parameters_empty_thought" time="0.000" /><testcase classname="tests.unit.tools.test_utility_tools.TestTextFormatter" name="test_execute_mock_mode_trim" time="0.001" /><testcase classname="tests.unit.tools.test_utility_tools.TestTextFormatter" name="test_execute_mock_mode_uppercase" time="0.001" /><testcase classname="tests.unit.tools.test_search_tools.TestScholarSearch" name="test_validate_parameters_empty_query" time="0.002" /><testcase classname="tests.unit.tools.test_utility_tools.TestBatchProcessor" name="test_initialization_success" time="0.000" /><testcase classname="tests.unit.tools.test_utility_tools.TestBatchProcessor" name="test_execute_mock_mode" time="0.001" /><testcase classname="tests.unit.tools.test_utility_tools.TestBatchProcessor" name="test_validate_parameters_empty_items" time="0.000" /><testcase classname="tests.unit.tools.test_utility_tools.TestThink" name="test_edge_case_long_thought" time="0.001" /><testcase classname="tests.unit.tools.test_utility_tools.TestAskForClarification" name="test_initialization_success" time="0.000" /><testcase classname="tests.unit.tools.test_utility_tools.TestAskForClarification" name="test_execute_mock_mode" time="0.001" /><testcase classname="tests.unit.tools.test_search_tools.TestVideoSearch" name="test_execute_mock_mode" time="0.001" /><testcase classname="tests.unit.tools.test_utility_tools.TestCreateProfile" name="test_validate_parameters_invalid_profile_type" time="0.000" /><testcase classname="tests.unit.tools.test_utility_tools.TestFactChecker" name="test_initialization_success" time="0.000" /><testcase classname="tests.unit.tools.test_utility_tools.TestFactChecker" name="test_execute_mock_mode" time="0.002" /><testcase classname="tests.unit.tools.test_utility_tools.TestTextFormatter" name="test_validate_parameters_empty_text" time="0.000" /><testcase classname="tests.unit.tools.test_utility_tools.TestTextFormatter" name="test_validate_parameters_invalid_operation" time="0.000" /><testcase classname="tests.unit.tools.test_utility_tools.TestJsonValidator" name="test_validate_parameters_empty_json" time="0.001" /><testcase classname="tests.unit.tools.test_utility_tools.TestTranslation" name="test_initialization_success" time="0.000" /><testcase classname="tests.unit.tools.test_utility_tools.TestTranslation" name="test_execute_mock_mode" time="0.001" /><testcase classname="tests.unit.tools.test_utility_tools.TestBatchProcessor" name="test_validate_parameters_invalid_batch_size" time="0.001" /><testcase classname="tests.unit.tools.test_utility_tools.TestTextFormatter" name="test_execute_mock_mode_lowercase" time="0.001" /><testcase classname="tests.unit.tools.test_utility_tools.TestAskForClarification" name="test_validate_parameters_empty_question" time="0.002" /><testcase classname="tests.unit.tools.test_utility_tools.TestTranslation" name="test_edge_case_long_text" time="0.002" /><testcase classname="tests.unit.tools.test_utility_tools.TestFactChecker" name="test_validate_parameters_empty_claim" time="0.001" /><testcase classname="tests.unit.tools.test_visualization_tools.TestGeneratePieChart" name="test_initialization_success" time="0.001" /><testcase classname="tests.unit.tools.test_visualization_tools.TestGenerateLineChart" name="test_execute_mock_mode" time="0.009" /><testcase classname="tests.unit.tools.test_utility_tools.TestTextFormatter" name="test_initialization_success" time="0.002" /><testcase classname="tests.unit.tools.test_visualization_tools.TestGenerateScatterChart" name="test_initialization_success" time="0.001" /><testcase classname="tests.unit.tools.test_visualization_tools.TestGeneratePieChart" name="test_execute_mock_mode" time="0.001" /><testcase classname="tests.unit.tools.test_utility_tools.TestTranslation" name="test_edge_case_special_characters_translation" time="0.002" /><testcase classname="tests.unit.tools.test_utility_tools.TestCreateProfile" name="test_validate_parameters_empty_name" time="0.001" /><testcase classname="tests.unit.tools.test_visualization_tools.TestGenerateAreaChart" name="test_initialization_success" time="0.001" /><testcase classname="tests.unit.tools.test_utility_tools.TestTranslation" name="test_validate_parameters_invalid_language_code" time="0.001" /><testcase classname="tests.unit.tools.test_utility_tools.TestTranslation" name="test_validate_parameters_empty_target_lang" time="0.001" /><testcase classname="tests.unit.tools.test_utility_tools.TestTranslation" name="test_validate_parameters_empty_text" time="0.000" /><testcase classname="tests.unit.tools.test_visualization_tools.TestGenerateDualAxesChart" name="test_initialization_success" time="0.000" /><testcase classname="tests.unit.tools.test_visualization_tools.TestGenerateScatterChart" name="test_execute_mock_mode" time="0.001" /><testcase classname="tests.unit.tools.test_visualization_tools.TestGenerateFishboneDiagram" name="test_initialization_success" time="0.000" /><testcase classname="tests.unit.tools.test_utility_tools.TestTextFormatter" name="test_edge_case_special_characters" time="0.001" /><testcase classname="tests.unit.tools.test_visualization_tools.TestGenerateColumnChart" name="test_initialization_success" time="0.001" /><testcase classname="tests.unit.tools.test_visualization_tools.TestGenerateBarChart" name="test_initialization_success" time="0.000" /><testcase classname="tests.unit.tools.test_visualization_tools.TestGeneratePieChart" name="test_validate_parameters_negative_sum" time="0.001" /><testcase classname="tests.unit.tools.test_visualization_tools.TestGenerateDualAxesChart" name="test_execute_mock_mode" time="0.001" /><testcase classname="tests.unit.tools.test_visualization_tools.TestGenerateColumnChart" name="test_execute_mock_mode" time="0.001" /><testcase classname="tests.unit.tools.test_visualization_tools.TestGenerateLineChart" name="test_initialization_success" time="0.001" /><testcase classname="tests.unit.tools.test_visualization_tools.TestGenerateFlowDiagram" name="test_initialization_success" time="0.001" /><testcase classname="tests.unit.tools.test_visualization_tools.TestGenerateNetworkGraph" name="test_initialization_success" time="0.000" /><testcase classname="tests.unit.tools.test_utility_tools.TestTranslation" name="test_execute_auto_detect_language" time="0.003" /><testcase classname="tests.unit.tools.test_visualization_tools.TestGenerateFishboneDiagram" name="test_execute_mock_mode" time="0.001" /><testcase classname="tests.unit.tools.test_visualization_tools.TestGenerateAreaChart" name="test_execute_mock_mode" time="0.002" /><testcase classname="tests.unit.tools.test_visualization_tools.TestGenerateHistogramChart" name="test_initialization_success" time="0.001" /><testcase classname="tests.unit.tools.test_visualization_tools.TestGenerateMindMap" name="test_initialization_success" time="0.000" /><testcase classname="tests.unit.tools.test_visualization_tools.TestGenerateBarChart" name="test_execute_mock_mode" time="0.001" /><testcase classname="tests.unit.tools.test_visualization_tools.TestGenerateMindMap" name="test_execute_mock_mode" time="0.001" /><testcase classname="tests.unit.tools.test_visualization_tools.TestGenerateRadarChart" name="test_initialization_success" time="0.001" /><testcase classname="tests.unit.tools.test_visualization_tools.TestGenerateRadarChart" name="test_execute_mock_mode" time="0.002" /><testcase classname="tests.unit.tools.test_visualization_tools.TestGenerateTreemapChart" name="test_execute_mock_mode" time="0.001" /><testcase classname="tests.unit.tools.test_visualization_tools.TestGenerateNetworkGraph" name="test_execute_mock_mode" time="0.001" /><testcase classname="tests.unit.tools.test_visualization_tools.TestGenerateOrganizationChart" name="test_initialization_success" time="0.001" /><testcase classname="tests.unit.tools.test_web_content_tools.TestCrawler" name="test_initialization_success" time="0.001" /><testcase classname="tests.unit.tools.test_visualization_tools.TestGenerateHistogramChart" name="test_execute_mock_mode" time="0.002" /><testcase classname="tests.unit.tools.test_visualization_tools.TestGenerateFlowDiagram" name="test_execute_mock_mode" time="0.001" /><testcase classname="tests.unit.tools.test_visualization_tools.TestGenerateWordCloudChart" name="test_execute_mock_mode" time="0.001" /><testcase classname="tests.unit.tools.test_web_content_tools.TestCrawler" name="test_initialization_with_defaults" time="0.000" /><testcase classname="tests.unit.tools.test_web_content_tools.TestCrawler" name="test_execute_mock_mode" time="0.001" /><testcase classname="tests.unit.tools.test_visualization_tools.TestGenerateTreemapChart" name="test_initialization_success" time="0.001" /><testcase classname="tests.unit.tools.test_web_content_tools.TestCrawler" name="test_validate_parameters_invalid_url" time="0.001" /><testcase classname="tests.unit.tools.test_web_content_tools.TestCrawler" name="test_validate_parameters_invalid_max_depth" time="0.000" /><testcase classname="tests.unit.tools.test_visualization_tools.TestGenerateOrganizationChart" name="test_validate_parameters_missing_name" time="0.000" /><testcase classname="tests.unit.tools.test_web_content_tools.TestCrawler" name="test_execute_live_mode_success" time="0.005" /><testcase classname="tests.unit.tools.test_web_content_tools.TestCrawler" name="test_validate_parameters_empty_url" time="0.001" /><testcase classname="tests.unit.tools.test_web_content_tools.TestCrawler" name="test_edge_case_https_and_http" time="0.001" /><testcase classname="tests.unit.tools.test_visualization_tools.TestGenerateWordCloudChart" name="test_initialization_success" time="0.001" /><testcase classname="tests.unit.tools.test_web_content_tools.TestSummarizeLargeDocument" name="test_validate_parameters_empty_url" time="0.000" /><testcase classname="tests.unit.tools.test_web_content_tools.TestSummarizeLargeDocument" name="test_validate_parameters_invalid_url" time="0.000" /><testcase classname="tests.unit.tools.test_visualization_tools.TestGenerateOrganizationChart" name="test_execute_mock_mode" time="0.001" /><testcase classname="tests.unit.tools.test_web_content_tools.TestSummarizeLargeDocument" name="test_initialization_success" time="0.001" /><testcase classname="tests.unit.tools.test_web_content_tools.TestUrlMetadata" name="test_validate_parameters_empty_url" time="0.001" /><testcase classname="tests.unit.tools.test_web_content_tools.TestUrlMetadata" name="test_validate_parameters_invalid_url" time="0.001" /><testcase classname="tests.unit.tools.test_web_content_tools.TestCrawler" name="test_api_error_handling_network_failure" time="3.025" /><testcase classname="tests.unit.tools.test_web_content_tools.TestSummarizeLargeDocument" name="test_execute_mock_mode" time="0.001" /><testcase classname="tests.unit.tools.test_web_content_tools.TestUrlMetadata" name="test_initialization_success" time="0.001" /><testcase classname="tests.unit.tools.test_web_content_tools.TestUrlMetadata" name="test_execute_live_mode_success" time="0.004" /><testcase classname="tests.unit.tools.test_web_content_tools.TestUrlMetadata" name="test_api_error_handling_not_found" time="3.025" /><testcase classname="tests.unit.tools.test_web_content_tools.TestUrlMetadata" name="test_execute_mock_mode" time="0.001" /><testcase classname="tests.unit.tools.test_web_content_tools.TestWebpageCaptureScreen" name="test_validate_parameters_empty_url" time="0.000" /><testcase classname="tests.unit.tools.test_web_content_tools.TestWebpageCaptureScreen" name="test_execute_mock_mode" time="0.001" /><testcase classname="tests.unit.tools.test_web_content_tools.TestWebpageCaptureScreen" name="test_initialization_success" time="0.001" /><testcase classname="tests.unit.tools.test_web_content_tools.TestUrlMetadata" name="test_edge_case_urls_with_parameters" time="0.001" /><testcase classname="tests.unit.tools.test_workspace_tools.TestNotionSearch" name="test_initialization_with_defaults" time="0.000" /><testcase classname="tests.unit.tools.test_workspace_tools.TestNotionSearch" name="test_initialization_success" time="0.001" /><testcase classname="tests.unit.tools.test_workspace_tools.TestNotionSearch" name="test_execute_mock_mode" time="0.001" /><testcase classname="tests.unit.tools.test_workspace_tools.TestNotionSearch" name="test_validate_parameters_whitespace_query" time="0.001" /><testcase classname="tests.unit.tools.test_web_content_tools.TestWebpageCaptureScreen" name="test_validate_parameters_invalid_url" time="0.001" /><testcase classname="tests.unit.tools.test_workspace_tools.TestNotionSearch" name="test_validate_parameters_empty_query" time="0.001" /><testcase classname="tests.unit.tools.test_workspace_tools.TestNotionSearch" name="test_validate_parameters_max_results_too_high" time="0.000" /><testcase classname="tests.unit.tools.test_workspace_tools.TestNotionSearch" name="test_validate_parameters_invalid_max_results" time="0.001" /><testcase classname="tests.unit.tools.test_workspace_tools.TestNotionSearch" name="test_execute_live_mode_success" time="0.001" /><testcase classname="tests.unit.tools.test_workspace_tools.TestNotionSearch" name="test_api_error_handling_missing_api_key" time="0.001" /><testcase classname="tests.unit.tools.test_workspace_tools.TestNotionSearch" name="test_edge_case_special_characters_in_query" time="0.002" /><testcase classname="tests.unit.tools.test_workspace_tools.TestNotionSearch" name="test_api_error_handling_network_failure" time="0.001" /><testcase classname="tests.unit.tools.test_workspace_tools.TestNotionSearch" name="test_edge_case_empty_results" time="0.001" /><testcase classname="tests.unit.tools.test_workspace_tools.TestNotionSearch" name="test_rate_limit_handling" time="0.002" /><testcase classname="tests.unit.tools.test_workspace_tools.TestNotionRead" name="test_initialization_success" time="0.001" /><testcase classname="tests.unit.tools.test_workspace_tools.TestNotionRead" name="test_validate_parameters_empty_input" time="0.000" /><testcase classname="tests.unit.tools.test_workspace_tools.TestNotionRead" name="test_execute_mock_mode" time="0.001" /><testcase classname="tests.unit.tools.test_workspace_tools.TestNotionRead" name="test_api_error_handling_missing_api_key" time="0.001" /><testcase classname="tests.unit.tools.test_workspace_tools.TestNotionRead" name="test_execute_live_mode_success" time="0.001" /><testcase classname="tests.unit.tools.test_workspace_tools.TestNotionRead" name="test_validate_parameters_missing_input" time="0.001" /><testcase classname="tests.unit.tools.test_workspace_tools.TestNotionRead" name="test_api_error_handling_page_not_found" time="0.002" /><testcase classname="tests.unit.tools.test_workspace_tools.TestNotionRead" name="test_edge_case_large_page_content" time="0.001" /><testcase classname="tests.unit.tools.test_workspace_tools.TestNotionRead" name="test_validate_parameters_whitespace_input" time="0.001" /><testcase classname="tests.unit.tools.test_workspace_tools.TestNotionRead" name="test_edge_case_uuid_formats" time="0.001" /><testcase classname="tests.unit.tools.test_workspace_tools.TestNotionRead" name="test_api_error_handling_permission_denied" time="0.002" /><testcase classname="tests.integration.live.test_visualization_live.TestBarChartLive" name="test_basic_bar_chart" time="0.048" /><testcase classname="tests.unit.tools.test_media_generation_tools.TestTextToSpeechAdvanced" name="test_validate_parameters_empty_text" time="0.001" /><testcase classname="tests.unit.tools.test_media_generation_tools.TestTextToSpeechAdvanced" name="test_validate_parameters_invalid_rate" time="0.000" /><testcase classname="tests.unit.tools.test_media_generation_tools.TestTextToSpeechAdvanced" name="test_validate_parameters_rate_range" time="0.000" /><testcase classname="tests.unit.tools.test_media_generation_tools.TestTextToSpeechAdvanced" name="test_execute_live_mode_success" time="0.001" /><testcase classname="tests.unit.tools.test_media_generation_tools.TestVideoEffects" name="test_initialization_success" time="0.000" /><testcase classname="tests.integration.live.test_visualization_live.TestPieChartLive" name="test_basic_pie_chart" time="0.029" /><testcase classname="tests.integration.live.test_visualization_live.TestScatterChartLive" name="test_basic_scatter_chart" time="0.064" /><testcase classname="tests.integration.live.test_visualization_live.TestHistogramLive" name="test_basic_histogram" time="0.001" /><testcase classname="tests.integration.live.test_visualization_live.TestWordCloudLive" name="test_basic_word_cloud" time="3.005" /><testcase classname="tests.unit.tools.test_web_content_tools.TestSummarizeLargeDocument" name="test_execute_live_mode_success" time="0.006" /><testcase classname="tests.unit.tools.test_web_content_tools.TestWebpageCaptureScreen" name="test_execute_live_mode_success" time="0.010" /></testsuite></testsuites>